2018-12-29 15:35:20org.apache.ibatis.logging.commons.JakartaCommonsLoggingImpl.debug(JakartaCommonsLoggingImpl.java:54)JakartaCommonsLoggingImpl.javaDEBUGLogging initialized using 'class org.apache.ibatis.logging.commons.JakartaCommonsLoggingImpl' adapter.
2018-12-29 15:35:20org.apache.ibatis.logging.commons.JakartaCommonsLoggingImpl.debug(JakartaCommonsLoggingImpl.java:54)JakartaCommonsLoggingImpl.javaDEBUGPooledDataSource forcefully closed/removed all connections.
2018-12-29 15:35:20org.apache.ibatis.logging.commons.JakartaCommonsLoggingImpl.debug(JakartaCommonsLoggingImpl.java:54)JakartaCommonsLoggingImpl.javaDEBUGPooledDataSource forcefully closed/removed all connections.
2018-12-29 15:35:20org.apache.ibatis.logging.commons.JakartaCommonsLoggingImpl.debug(JakartaCommonsLoggingImpl.java:54)JakartaCommonsLoggingImpl.javaDEBUGPooledDataSource forcefully closed/removed all connections.
2018-12-29 15:35:20org.apache.ibatis.logging.commons.JakartaCommonsLoggingImpl.debug(JakartaCommonsLoggingImpl.java:54)JakartaCommonsLoggingImpl.javaDEBUGPooledDataSource forcefully closed/removed all connections.
2018-12-29 15:35:20org.apache.ibatis.logging.commons.JakartaCommonsLoggingImpl.debug(JakartaCommonsLoggingImpl.java:54)JakartaCommonsLoggingImpl.javaDEBUGOpening JDBC Connection
2018-12-29 15:35:21org.apache.ibatis.logging.commons.JakartaCommonsLoggingImpl.debug(JakartaCommonsLoggingImpl.java:54)JakartaCommonsLoggingImpl.javaDEBUGCreated connection 540642172.
2018-12-29 15:35:21org.apache.ibatis.logging.commons.JakartaCommonsLoggingImpl.debug(JakartaCommonsLoggingImpl.java:54)JakartaCommonsLoggingImpl.javaDEBUGSetting autocommit to false on JDBC Connection [com.mysql.jdbc.JDBC4Connection@20398b7c]
2018-12-29 15:35:21org.apache.ibatis.logging.commons.JakartaCommonsLoggingImpl.debug(JakartaCommonsLoggingImpl.java:54)JakartaCommonsLoggingImpl.javaDEBUG==>  Preparing: select * from USER where username like '%y%' 
2018-12-29 15:35:21org.apache.ibatis.logging.commons.JakartaCommonsLoggingImpl.debug(JakartaCommonsLoggingImpl.java:54)JakartaCommonsLoggingImpl.javaDEBUG==> Parameters: 
2018-12-29 15:35:21org.apache.ibatis.logging.commons.JakartaCommonsLoggingImpl.debug(JakartaCommonsLoggingImpl.java:54)JakartaCommonsLoggingImpl.javaDEBUG<==      Total: 1
2018-12-29 15:40:47org.apache.ibatis.logging.commons.JakartaCommonsLoggingImpl.debug(JakartaCommonsLoggingImpl.java:54)JakartaCommonsLoggingImpl.javaDEBUGLogging initialized using 'class org.apache.ibatis.logging.commons.JakartaCommonsLoggingImpl' adapter.
2018-12-29 15:40:47org.apache.ibatis.logging.commons.JakartaCommonsLoggingImpl.debug(JakartaCommonsLoggingImpl.java:54)JakartaCommonsLoggingImpl.javaDEBUGPooledDataSource forcefully closed/removed all connections.
2018-12-29 15:40:47org.apache.ibatis.logging.commons.JakartaCommonsLoggingImpl.debug(JakartaCommonsLoggingImpl.java:54)JakartaCommonsLoggingImpl.javaDEBUGPooledDataSource forcefully closed/removed all connections.
2018-12-29 15:40:47org.apache.ibatis.logging.commons.JakartaCommonsLoggingImpl.debug(JakartaCommonsLoggingImpl.java:54)JakartaCommonsLoggingImpl.javaDEBUGPooledDataSource forcefully closed/removed all connections.
2018-12-29 15:40:47org.apache.ibatis.logging.commons.JakartaCommonsLoggingImpl.debug(JakartaCommonsLoggingImpl.java:54)JakartaCommonsLoggingImpl.javaDEBUGPooledDataSource forcefully closed/removed all connections.
2018-12-29 15:40:47org.apache.ibatis.logging.commons.JakartaCommonsLoggingImpl.debug(JakartaCommonsLoggingImpl.java:54)JakartaCommonsLoggingImpl.javaDEBUGOpening JDBC Connection
2018-12-29 15:40:48org.apache.ibatis.logging.commons.JakartaCommonsLoggingImpl.debug(JakartaCommonsLoggingImpl.java:54)JakartaCommonsLoggingImpl.javaDEBUGCreated connection 540642172.
2018-12-29 15:40:48org.apache.ibatis.logging.commons.JakartaCommonsLoggingImpl.debug(JakartaCommonsLoggingImpl.java:54)JakartaCommonsLoggingImpl.javaDEBUGSetting autocommit to false on JDBC Connection [com.mysql.jdbc.JDBC4Connection@20398b7c]
2018-12-29 15:40:48org.apache.ibatis.logging.commons.JakartaCommonsLoggingImpl.debug(JakartaCommonsLoggingImpl.java:54)JakartaCommonsLoggingImpl.javaDEBUG==>  Preparing: select * from USER where username like '%y%' 
2018-12-29 15:40:48org.apache.ibatis.logging.commons.JakartaCommonsLoggingImpl.debug(JakartaCommonsLoggingImpl.java:54)JakartaCommonsLoggingImpl.javaDEBUG==> Parameters: 
2018-12-29 15:40:48org.apache.ibatis.logging.commons.JakartaCommonsLoggingImpl.debug(JakartaCommonsLoggingImpl.java:54)JakartaCommonsLoggingImpl.javaDEBUG<==      Total: 1
2018-12-29 15:41:24org.apache.ibatis.logging.commons.JakartaCommonsLoggingImpl.debug(JakartaCommonsLoggingImpl.java:54)JakartaCommonsLoggingImpl.javaDEBUGLogging initialized using 'class org.apache.ibatis.logging.commons.JakartaCommonsLoggingImpl' adapter.
2018-12-29 15:41:24org.apache.ibatis.logging.commons.JakartaCommonsLoggingImpl.debug(JakartaCommonsLoggingImpl.java:54)JakartaCommonsLoggingImpl.javaDEBUGPooledDataSource forcefully closed/removed all connections.
2018-12-29 15:41:24org.apache.ibatis.logging.commons.JakartaCommonsLoggingImpl.debug(JakartaCommonsLoggingImpl.java:54)JakartaCommonsLoggingImpl.javaDEBUGPooledDataSource forcefully closed/removed all connections.
2018-12-29 15:41:24org.apache.ibatis.logging.commons.JakartaCommonsLoggingImpl.debug(JakartaCommonsLoggingImpl.java:54)JakartaCommonsLoggingImpl.javaDEBUGPooledDataSource forcefully closed/removed all connections.
2018-12-29 15:41:24org.apache.ibatis.logging.commons.JakartaCommonsLoggingImpl.debug(JakartaCommonsLoggingImpl.java:54)JakartaCommonsLoggingImpl.javaDEBUGPooledDataSource forcefully closed/removed all connections.
2018-12-29 15:41:24org.apache.ibatis.logging.commons.JakartaCommonsLoggingImpl.debug(JakartaCommonsLoggingImpl.java:54)JakartaCommonsLoggingImpl.javaDEBUGOpening JDBC Connection
2018-12-29 15:41:24org.apache.ibatis.logging.commons.JakartaCommonsLoggingImpl.debug(JakartaCommonsLoggingImpl.java:54)JakartaCommonsLoggingImpl.javaDEBUGCreated connection 540642172.
2018-12-29 15:41:24org.apache.ibatis.logging.commons.JakartaCommonsLoggingImpl.debug(JakartaCommonsLoggingImpl.java:54)JakartaCommonsLoggingImpl.javaDEBUGSetting autocommit to false on JDBC Connection [com.mysql.jdbc.JDBC4Connection@20398b7c]
2018-12-29 15:41:24org.apache.ibatis.logging.commons.JakartaCommonsLoggingImpl.debug(JakartaCommonsLoggingImpl.java:54)JakartaCommonsLoggingImpl.javaDEBUG==>  Preparing: select * from USER where username like '%y%' 
2018-12-29 15:41:24org.apache.ibatis.logging.commons.JakartaCommonsLoggingImpl.debug(JakartaCommonsLoggingImpl.java:54)JakartaCommonsLoggingImpl.javaDEBUG==> Parameters: 
2018-12-29 15:41:24org.apache.ibatis.logging.commons.JakartaCommonsLoggingImpl.debug(JakartaCommonsLoggingImpl.java:54)JakartaCommonsLoggingImpl.javaDEBUG<==      Total: 1
2018-12-29 16:22:17org.apache.ibatis.logging.commons.JakartaCommonsLoggingImpl.debug(JakartaCommonsLoggingImpl.java:54)JakartaCommonsLoggingImpl.javaDEBUGLogging initialized using 'class org.apache.ibatis.logging.commons.JakartaCommonsLoggingImpl' adapter.
2018-12-29 16:22:17org.apache.ibatis.logging.commons.JakartaCommonsLoggingImpl.debug(JakartaCommonsLoggingImpl.java:54)JakartaCommonsLoggingImpl.javaDEBUGPooledDataSource forcefully closed/removed all connections.
2018-12-29 16:22:17org.apache.ibatis.logging.commons.JakartaCommonsLoggingImpl.debug(JakartaCommonsLoggingImpl.java:54)JakartaCommonsLoggingImpl.javaDEBUGPooledDataSource forcefully closed/removed all connections.
2018-12-29 16:22:17org.apache.ibatis.logging.commons.JakartaCommonsLoggingImpl.debug(JakartaCommonsLoggingImpl.java:54)JakartaCommonsLoggingImpl.javaDEBUGPooledDataSource forcefully closed/removed all connections.
2018-12-29 16:22:17org.apache.ibatis.logging.commons.JakartaCommonsLoggingImpl.debug(JakartaCommonsLoggingImpl.java:54)JakartaCommonsLoggingImpl.javaDEBUGPooledDataSource forcefully closed/removed all connections.
2018-12-29 16:23:32org.apache.ibatis.logging.commons.JakartaCommonsLoggingImpl.debug(JakartaCommonsLoggingImpl.java:54)JakartaCommonsLoggingImpl.javaDEBUGLogging initialized using 'class org.apache.ibatis.logging.commons.JakartaCommonsLoggingImpl' adapter.
2018-12-29 16:23:32org.apache.ibatis.logging.commons.JakartaCommonsLoggingImpl.debug(JakartaCommonsLoggingImpl.java:54)JakartaCommonsLoggingImpl.javaDEBUGPooledDataSource forcefully closed/removed all connections.
2018-12-29 16:23:32org.apache.ibatis.logging.commons.JakartaCommonsLoggingImpl.debug(JakartaCommonsLoggingImpl.java:54)JakartaCommonsLoggingImpl.javaDEBUGPooledDataSource forcefully closed/removed all connections.
2018-12-29 16:23:32org.apache.ibatis.logging.commons.JakartaCommonsLoggingImpl.debug(JakartaCommonsLoggingImpl.java:54)JakartaCommonsLoggingImpl.javaDEBUGPooledDataSource forcefully closed/removed all connections.
2018-12-29 16:23:32org.apache.ibatis.logging.commons.JakartaCommonsLoggingImpl.debug(JakartaCommonsLoggingImpl.java:54)JakartaCommonsLoggingImpl.javaDEBUGPooledDataSource forcefully closed/removed all connections.
2018-12-29 16:25:05org.apache.ibatis.logging.commons.JakartaCommonsLoggingImpl.debug(JakartaCommonsLoggingImpl.java:54)JakartaCommonsLoggingImpl.javaDEBUGLogging initialized using 'class org.apache.ibatis.logging.commons.JakartaCommonsLoggingImpl' adapter.
2018-12-29 16:25:05org.apache.ibatis.logging.commons.JakartaCommonsLoggingImpl.debug(JakartaCommonsLoggingImpl.java:54)JakartaCommonsLoggingImpl.javaDEBUGPooledDataSource forcefully closed/removed all connections.
2018-12-29 16:25:05org.apache.ibatis.logging.commons.JakartaCommonsLoggingImpl.debug(JakartaCommonsLoggingImpl.java:54)JakartaCommonsLoggingImpl.javaDEBUGPooledDataSource forcefully closed/removed all connections.
2018-12-29 16:25:05org.apache.ibatis.logging.commons.JakartaCommonsLoggingImpl.debug(JakartaCommonsLoggingImpl.java:54)JakartaCommonsLoggingImpl.javaDEBUGPooledDataSource forcefully closed/removed all connections.
2018-12-29 16:25:05org.apache.ibatis.logging.commons.JakartaCommonsLoggingImpl.debug(JakartaCommonsLoggingImpl.java:54)JakartaCommonsLoggingImpl.javaDEBUGPooledDataSource forcefully closed/removed all connections.
2018-12-29 16:25:05org.apache.ibatis.logging.commons.JakartaCommonsLoggingImpl.debug(JakartaCommonsLoggingImpl.java:54)JakartaCommonsLoggingImpl.javaDEBUGOpening JDBC Connection
2018-12-29 16:25:05org.apache.ibatis.logging.commons.JakartaCommonsLoggingImpl.debug(JakartaCommonsLoggingImpl.java:54)JakartaCommonsLoggingImpl.javaDEBUGCreated connection 1875308878.
2018-12-29 16:25:05org.apache.ibatis.logging.commons.JakartaCommonsLoggingImpl.debug(JakartaCommonsLoggingImpl.java:54)JakartaCommonsLoggingImpl.javaDEBUGSetting autocommit to false on JDBC Connection [com.mysql.jdbc.JDBC4Connection@6fc6f14e]
2018-12-29 16:25:05org.apache.ibatis.logging.commons.JakartaCommonsLoggingImpl.debug(JakartaCommonsLoggingImpl.java:54)JakartaCommonsLoggingImpl.javaDEBUG==>  Preparing: select * from USER where username like '%y%' 
2018-12-29 16:25:05org.apache.ibatis.logging.commons.JakartaCommonsLoggingImpl.debug(JakartaCommonsLoggingImpl.java:54)JakartaCommonsLoggingImpl.javaDEBUG==> Parameters: 
2018-12-29 16:25:05org.apache.ibatis.logging.commons.JakartaCommonsLoggingImpl.debug(JakartaCommonsLoggingImpl.java:54)JakartaCommonsLoggingImpl.javaDEBUG<==      Total: 1
2018-12-29 16:25:05org.apache.ibatis.logging.commons.JakartaCommonsLoggingImpl.debug(JakartaCommonsLoggingImpl.java:54)JakartaCommonsLoggingImpl.javaDEBUGResetting autocommit to true on JDBC Connection [com.mysql.jdbc.JDBC4Connection@6fc6f14e]
2018-12-29 16:25:05org.apache.ibatis.logging.commons.JakartaCommonsLoggingImpl.debug(JakartaCommonsLoggingImpl.java:54)JakartaCommonsLoggingImpl.javaDEBUGClosing JDBC Connection [com.mysql.jdbc.JDBC4Connection@6fc6f14e]
2018-12-29 16:25:05org.apache.ibatis.logging.commons.JakartaCommonsLoggingImpl.debug(JakartaCommonsLoggingImpl.java:54)JakartaCommonsLoggingImpl.javaDEBUGReturned connection 1875308878 to pool.
2018-12-29 16:29:39org.apache.ibatis.logging.commons.JakartaCommonsLoggingImpl.debug(JakartaCommonsLoggingImpl.java:54)JakartaCommonsLoggingImpl.javaDEBUGLogging initialized using 'class org.apache.ibatis.logging.commons.JakartaCommonsLoggingImpl' adapter.
2018-12-29 16:29:39org.apache.ibatis.logging.commons.JakartaCommonsLoggingImpl.debug(JakartaCommonsLoggingImpl.java:54)JakartaCommonsLoggingImpl.javaDEBUGPooledDataSource forcefully closed/removed all connections.
2018-12-29 16:29:39org.apache.ibatis.logging.commons.JakartaCommonsLoggingImpl.debug(JakartaCommonsLoggingImpl.java:54)JakartaCommonsLoggingImpl.javaDEBUGPooledDataSource forcefully closed/removed all connections.
2018-12-29 16:29:39org.apache.ibatis.logging.commons.JakartaCommonsLoggingImpl.debug(JakartaCommonsLoggingImpl.java:54)JakartaCommonsLoggingImpl.javaDEBUGPooledDataSource forcefully closed/removed all connections.
2018-12-29 16:29:39org.apache.ibatis.logging.commons.JakartaCommonsLoggingImpl.debug(JakartaCommonsLoggingImpl.java:54)JakartaCommonsLoggingImpl.javaDEBUGPooledDataSource forcefully closed/removed all connections.
2018-12-29 16:29:39org.apache.ibatis.logging.commons.JakartaCommonsLoggingImpl.debug(JakartaCommonsLoggingImpl.java:54)JakartaCommonsLoggingImpl.javaDEBUGOpening JDBC Connection
2018-12-29 16:29:39org.apache.ibatis.logging.commons.JakartaCommonsLoggingImpl.debug(JakartaCommonsLoggingImpl.java:54)JakartaCommonsLoggingImpl.javaDEBUGCreated connection 1072601481.
2018-12-29 16:29:39org.apache.ibatis.logging.commons.JakartaCommonsLoggingImpl.debug(JakartaCommonsLoggingImpl.java:54)JakartaCommonsLoggingImpl.javaDEBUGSetting autocommit to false on JDBC Connection [com.mysql.jdbc.JDBC4Connection@3fee9989]
2018-12-29 16:29:39org.apache.ibatis.logging.commons.JakartaCommonsLoggingImpl.debug(JakartaCommonsLoggingImpl.java:54)JakartaCommonsLoggingImpl.javaDEBUG==>  Preparing: insert into user(username,password,email,create_time) values(?,?,?,?) 
2018-12-29 16:30:17org.apache.ibatis.logging.commons.JakartaCommonsLoggingImpl.debug(JakartaCommonsLoggingImpl.java:54)JakartaCommonsLoggingImpl.javaDEBUGLogging initialized using 'class org.apache.ibatis.logging.commons.JakartaCommonsLoggingImpl' adapter.
2018-12-29 16:30:17org.apache.ibatis.logging.commons.JakartaCommonsLoggingImpl.debug(JakartaCommonsLoggingImpl.java:54)JakartaCommonsLoggingImpl.javaDEBUGPooledDataSource forcefully closed/removed all connections.
2018-12-29 16:30:17org.apache.ibatis.logging.commons.JakartaCommonsLoggingImpl.debug(JakartaCommonsLoggingImpl.java:54)JakartaCommonsLoggingImpl.javaDEBUGPooledDataSource forcefully closed/removed all connections.
2018-12-29 16:30:17org.apache.ibatis.logging.commons.JakartaCommonsLoggingImpl.debug(JakartaCommonsLoggingImpl.java:54)JakartaCommonsLoggingImpl.javaDEBUGPooledDataSource forcefully closed/removed all connections.
2018-12-29 16:30:17org.apache.ibatis.logging.commons.JakartaCommonsLoggingImpl.debug(JakartaCommonsLoggingImpl.java:54)JakartaCommonsLoggingImpl.javaDEBUGPooledDataSource forcefully closed/removed all connections.
2018-12-29 16:30:17org.apache.ibatis.logging.commons.JakartaCommonsLoggingImpl.debug(JakartaCommonsLoggingImpl.java:54)JakartaCommonsLoggingImpl.javaDEBUGOpening JDBC Connection
2018-12-29 16:30:17org.apache.ibatis.logging.commons.JakartaCommonsLoggingImpl.debug(JakartaCommonsLoggingImpl.java:54)JakartaCommonsLoggingImpl.javaDEBUGCreated connection 121295574.
2018-12-29 16:30:17org.apache.ibatis.logging.commons.JakartaCommonsLoggingImpl.debug(JakartaCommonsLoggingImpl.java:54)JakartaCommonsLoggingImpl.javaDEBUGSetting autocommit to false on JDBC Connection [com.mysql.jdbc.JDBC4Connection@73ad2d6]
2018-12-29 16:30:17org.apache.ibatis.logging.commons.JakartaCommonsLoggingImpl.debug(JakartaCommonsLoggingImpl.java:54)JakartaCommonsLoggingImpl.javaDEBUG==>  Preparing: insert into user(username,password,email,create_time) values(?,?,?,?) 
2018-12-29 16:30:18org.apache.ibatis.logging.commons.JakartaCommonsLoggingImpl.debug(JakartaCommonsLoggingImpl.java:54)JakartaCommonsLoggingImpl.javaDEBUG==> Parameters: 颜岗(String), 123456(String), yg@163.com(String), 2018-12-29(String)
2018-12-29 16:30:18org.apache.ibatis.logging.commons.JakartaCommonsLoggingImpl.debug(JakartaCommonsLoggingImpl.java:54)JakartaCommonsLoggingImpl.javaDEBUG<==    Updates: 1
2018-12-29 16:30:18org.apache.ibatis.logging.commons.JakartaCommonsLoggingImpl.debug(JakartaCommonsLoggingImpl.java:54)JakartaCommonsLoggingImpl.javaDEBUGRolling back JDBC Connection [com.mysql.jdbc.JDBC4Connection@73ad2d6]
2018-12-29 16:30:18org.apache.ibatis.logging.commons.JakartaCommonsLoggingImpl.debug(JakartaCommonsLoggingImpl.java:54)JakartaCommonsLoggingImpl.javaDEBUGResetting autocommit to true on JDBC Connection [com.mysql.jdbc.JDBC4Connection@73ad2d6]
2018-12-29 16:30:18org.apache.ibatis.logging.commons.JakartaCommonsLoggingImpl.debug(JakartaCommonsLoggingImpl.java:54)JakartaCommonsLoggingImpl.javaDEBUGClosing JDBC Connection [com.mysql.jdbc.JDBC4Connection@73ad2d6]
2018-12-29 16:30:18org.apache.ibatis.logging.commons.JakartaCommonsLoggingImpl.debug(JakartaCommonsLoggingImpl.java:54)JakartaCommonsLoggingImpl.javaDEBUGReturned connection 121295574 to pool.
2018-12-29 16:33:36org.apache.ibatis.logging.commons.JakartaCommonsLoggingImpl.debug(JakartaCommonsLoggingImpl.java:54)JakartaCommonsLoggingImpl.javaDEBUGLogging initialized using 'class org.apache.ibatis.logging.commons.JakartaCommonsLoggingImpl' adapter.
2018-12-29 16:33:36org.apache.ibatis.logging.commons.JakartaCommonsLoggingImpl.debug(JakartaCommonsLoggingImpl.java:54)JakartaCommonsLoggingImpl.javaDEBUGPooledDataSource forcefully closed/removed all connections.
2018-12-29 16:33:36org.apache.ibatis.logging.commons.JakartaCommonsLoggingImpl.debug(JakartaCommonsLoggingImpl.java:54)JakartaCommonsLoggingImpl.javaDEBUGPooledDataSource forcefully closed/removed all connections.
2018-12-29 16:33:36org.apache.ibatis.logging.commons.JakartaCommonsLoggingImpl.debug(JakartaCommonsLoggingImpl.java:54)JakartaCommonsLoggingImpl.javaDEBUGPooledDataSource forcefully closed/removed all connections.
2018-12-29 16:33:36org.apache.ibatis.logging.commons.JakartaCommonsLoggingImpl.debug(JakartaCommonsLoggingImpl.java:54)JakartaCommonsLoggingImpl.javaDEBUGPooledDataSource forcefully closed/removed all connections.
2018-12-29 16:33:36org.apache.ibatis.logging.commons.JakartaCommonsLoggingImpl.debug(JakartaCommonsLoggingImpl.java:54)JakartaCommonsLoggingImpl.javaDEBUGOpening JDBC Connection
2018-12-29 16:33:37org.apache.ibatis.logging.commons.JakartaCommonsLoggingImpl.debug(JakartaCommonsLoggingImpl.java:54)JakartaCommonsLoggingImpl.javaDEBUGCreated connection 121295574.
2018-12-29 16:33:37org.apache.ibatis.logging.commons.JakartaCommonsLoggingImpl.debug(JakartaCommonsLoggingImpl.java:54)JakartaCommonsLoggingImpl.javaDEBUGSetting autocommit to false on JDBC Connection [com.mysql.jdbc.JDBC4Connection@73ad2d6]
2018-12-29 16:33:37org.apache.ibatis.logging.commons.JakartaCommonsLoggingImpl.debug(JakartaCommonsLoggingImpl.java:54)JakartaCommonsLoggingImpl.javaDEBUG==>  Preparing: insert into user(username,password,email,create_time) values(?,?,?,?) 
2018-12-29 16:33:37org.apache.ibatis.logging.commons.JakartaCommonsLoggingImpl.debug(JakartaCommonsLoggingImpl.java:54)JakartaCommonsLoggingImpl.javaDEBUG==> Parameters: 颜岗(String), 123456(String), yg@163.com(String), 2018-12-29(String)
2018-12-29 16:33:37org.apache.ibatis.logging.commons.JakartaCommonsLoggingImpl.debug(JakartaCommonsLoggingImpl.java:54)JakartaCommonsLoggingImpl.javaDEBUG<==    Updates: 1
2018-12-29 16:33:37org.apache.ibatis.logging.commons.JakartaCommonsLoggingImpl.debug(JakartaCommonsLoggingImpl.java:54)JakartaCommonsLoggingImpl.javaDEBUGRolling back JDBC Connection [com.mysql.jdbc.JDBC4Connection@73ad2d6]
2018-12-29 16:33:37org.apache.ibatis.logging.commons.JakartaCommonsLoggingImpl.debug(JakartaCommonsLoggingImpl.java:54)JakartaCommonsLoggingImpl.javaDEBUGResetting autocommit to true on JDBC Connection [com.mysql.jdbc.JDBC4Connection@73ad2d6]
2018-12-29 16:33:37org.apache.ibatis.logging.commons.JakartaCommonsLoggingImpl.debug(JakartaCommonsLoggingImpl.java:54)JakartaCommonsLoggingImpl.javaDEBUGClosing JDBC Connection [com.mysql.jdbc.JDBC4Connection@73ad2d6]
2018-12-29 16:33:37org.apache.ibatis.logging.commons.JakartaCommonsLoggingImpl.debug(JakartaCommonsLoggingImpl.java:54)JakartaCommonsLoggingImpl.javaDEBUGReturned connection 121295574 to pool.
2018-12-29 16:34:27org.apache.ibatis.logging.commons.JakartaCommonsLoggingImpl.debug(JakartaCommonsLoggingImpl.java:54)JakartaCommonsLoggingImpl.javaDEBUGLogging initialized using 'class org.apache.ibatis.logging.commons.JakartaCommonsLoggingImpl' adapter.
2018-12-29 16:34:27org.apache.ibatis.logging.commons.JakartaCommonsLoggingImpl.debug(JakartaCommonsLoggingImpl.java:54)JakartaCommonsLoggingImpl.javaDEBUGPooledDataSource forcefully closed/removed all connections.
2018-12-29 16:34:27org.apache.ibatis.logging.commons.JakartaCommonsLoggingImpl.debug(JakartaCommonsLoggingImpl.java:54)JakartaCommonsLoggingImpl.javaDEBUGPooledDataSource forcefully closed/removed all connections.
2018-12-29 16:34:27org.apache.ibatis.logging.commons.JakartaCommonsLoggingImpl.debug(JakartaCommonsLoggingImpl.java:54)JakartaCommonsLoggingImpl.javaDEBUGPooledDataSource forcefully closed/removed all connections.
2018-12-29 16:34:27org.apache.ibatis.logging.commons.JakartaCommonsLoggingImpl.debug(JakartaCommonsLoggingImpl.java:54)JakartaCommonsLoggingImpl.javaDEBUGPooledDataSource forcefully closed/removed all connections.
2018-12-29 16:34:27org.apache.ibatis.logging.commons.JakartaCommonsLoggingImpl.debug(JakartaCommonsLoggingImpl.java:54)JakartaCommonsLoggingImpl.javaDEBUGOpening JDBC Connection
2018-12-29 16:34:27org.apache.ibatis.logging.commons.JakartaCommonsLoggingImpl.debug(JakartaCommonsLoggingImpl.java:54)JakartaCommonsLoggingImpl.javaDEBUGCreated connection 121295574.
2018-12-29 16:34:27org.apache.ibatis.logging.commons.JakartaCommonsLoggingImpl.debug(JakartaCommonsLoggingImpl.java:54)JakartaCommonsLoggingImpl.javaDEBUGSetting autocommit to false on JDBC Connection [com.mysql.jdbc.JDBC4Connection@73ad2d6]
2018-12-29 16:34:27org.apache.ibatis.logging.commons.JakartaCommonsLoggingImpl.debug(JakartaCommonsLoggingImpl.java:54)JakartaCommonsLoggingImpl.javaDEBUG==>  Preparing: insert into user(username,password,email,create_time) values(?,?,?,?) 
2018-12-29 16:34:27org.apache.ibatis.logging.commons.JakartaCommonsLoggingImpl.debug(JakartaCommonsLoggingImpl.java:54)JakartaCommonsLoggingImpl.javaDEBUG==> Parameters: 颜岗(String), 123456(String), yg@163.com(String), 2018-12-29(String)
2018-12-29 16:34:27org.apache.ibatis.logging.commons.JakartaCommonsLoggingImpl.debug(JakartaCommonsLoggingImpl.java:54)JakartaCommonsLoggingImpl.javaDEBUG<==    Updates: 1
2018-12-29 16:34:27org.apache.ibatis.logging.commons.JakartaCommonsLoggingImpl.debug(JakartaCommonsLoggingImpl.java:54)JakartaCommonsLoggingImpl.javaDEBUGRolling back JDBC Connection [com.mysql.jdbc.JDBC4Connection@73ad2d6]
2018-12-29 16:34:27org.apache.ibatis.logging.commons.JakartaCommonsLoggingImpl.debug(JakartaCommonsLoggingImpl.java:54)JakartaCommonsLoggingImpl.javaDEBUGResetting autocommit to true on JDBC Connection [com.mysql.jdbc.JDBC4Connection@73ad2d6]
2018-12-29 16:34:27org.apache.ibatis.logging.commons.JakartaCommonsLoggingImpl.debug(JakartaCommonsLoggingImpl.java:54)JakartaCommonsLoggingImpl.javaDEBUGClosing JDBC Connection [com.mysql.jdbc.JDBC4Connection@73ad2d6]
2018-12-29 16:34:27org.apache.ibatis.logging.commons.JakartaCommonsLoggingImpl.debug(JakartaCommonsLoggingImpl.java:54)JakartaCommonsLoggingImpl.javaDEBUGReturned connection 121295574 to pool.
2018-12-29 16:34:50org.apache.ibatis.logging.commons.JakartaCommonsLoggingImpl.debug(JakartaCommonsLoggingImpl.java:54)JakartaCommonsLoggingImpl.javaDEBUGLogging initialized using 'class org.apache.ibatis.logging.commons.JakartaCommonsLoggingImpl' adapter.
2018-12-29 16:34:50org.apache.ibatis.logging.commons.JakartaCommonsLoggingImpl.debug(JakartaCommonsLoggingImpl.java:54)JakartaCommonsLoggingImpl.javaDEBUGPooledDataSource forcefully closed/removed all connections.
2018-12-29 16:34:50org.apache.ibatis.logging.commons.JakartaCommonsLoggingImpl.debug(JakartaCommonsLoggingImpl.java:54)JakartaCommonsLoggingImpl.javaDEBUGPooledDataSource forcefully closed/removed all connections.
2018-12-29 16:34:50org.apache.ibatis.logging.commons.JakartaCommonsLoggingImpl.debug(JakartaCommonsLoggingImpl.java:54)JakartaCommonsLoggingImpl.javaDEBUGPooledDataSource forcefully closed/removed all connections.
2018-12-29 16:34:50org.apache.ibatis.logging.commons.JakartaCommonsLoggingImpl.debug(JakartaCommonsLoggingImpl.java:54)JakartaCommonsLoggingImpl.javaDEBUGPooledDataSource forcefully closed/removed all connections.
2018-12-29 16:34:50org.apache.ibatis.logging.commons.JakartaCommonsLoggingImpl.debug(JakartaCommonsLoggingImpl.java:54)JakartaCommonsLoggingImpl.javaDEBUGOpening JDBC Connection
2018-12-29 16:34:50org.apache.ibatis.logging.commons.JakartaCommonsLoggingImpl.debug(JakartaCommonsLoggingImpl.java:54)JakartaCommonsLoggingImpl.javaDEBUGCreated connection 121295574.
2018-12-29 16:34:50org.apache.ibatis.logging.commons.JakartaCommonsLoggingImpl.debug(JakartaCommonsLoggingImpl.java:54)JakartaCommonsLoggingImpl.javaDEBUGSetting autocommit to false on JDBC Connection [com.mysql.jdbc.JDBC4Connection@73ad2d6]
2018-12-29 16:34:50org.apache.ibatis.logging.commons.JakartaCommonsLoggingImpl.debug(JakartaCommonsLoggingImpl.java:54)JakartaCommonsLoggingImpl.javaDEBUG==>  Preparing: insert into user(username,password,email,create_time) values(?,?,?,?) 
2018-12-29 16:34:50org.apache.ibatis.logging.commons.JakartaCommonsLoggingImpl.debug(JakartaCommonsLoggingImpl.java:54)JakartaCommonsLoggingImpl.javaDEBUG==> Parameters: 颜岗(String), 123456(String), yg@163.com(String), 2018-12-29(String)
2018-12-29 16:34:50org.apache.ibatis.logging.commons.JakartaCommonsLoggingImpl.debug(JakartaCommonsLoggingImpl.java:54)JakartaCommonsLoggingImpl.javaDEBUG<==    Updates: 1
2018-12-29 16:34:50org.apache.ibatis.logging.commons.JakartaCommonsLoggingImpl.debug(JakartaCommonsLoggingImpl.java:54)JakartaCommonsLoggingImpl.javaDEBUGCommitting JDBC Connection [com.mysql.jdbc.JDBC4Connection@73ad2d6]
2018-12-29 16:34:50org.apache.ibatis.logging.commons.JakartaCommonsLoggingImpl.debug(JakartaCommonsLoggingImpl.java:54)JakartaCommonsLoggingImpl.javaDEBUGResetting autocommit to true on JDBC Connection [com.mysql.jdbc.JDBC4Connection@73ad2d6]
2018-12-29 16:34:50org.apache.ibatis.logging.commons.JakartaCommonsLoggingImpl.debug(JakartaCommonsLoggingImpl.java:54)JakartaCommonsLoggingImpl.javaDEBUGClosing JDBC Connection [com.mysql.jdbc.JDBC4Connection@73ad2d6]
2018-12-29 16:34:50org.apache.ibatis.logging.commons.JakartaCommonsLoggingImpl.debug(JakartaCommonsLoggingImpl.java:54)JakartaCommonsLoggingImpl.javaDEBUGReturned connection 121295574 to pool.
2018-12-29 16:35:36org.apache.ibatis.logging.commons.JakartaCommonsLoggingImpl.debug(JakartaCommonsLoggingImpl.java:54)JakartaCommonsLoggingImpl.javaDEBUGLogging initialized using 'class org.apache.ibatis.logging.commons.JakartaCommonsLoggingImpl' adapter.
2018-12-29 16:35:36org.apache.ibatis.logging.commons.JakartaCommonsLoggingImpl.debug(JakartaCommonsLoggingImpl.java:54)JakartaCommonsLoggingImpl.javaDEBUGPooledDataSource forcefully closed/removed all connections.
2018-12-29 16:35:36org.apache.ibatis.logging.commons.JakartaCommonsLoggingImpl.debug(JakartaCommonsLoggingImpl.java:54)JakartaCommonsLoggingImpl.javaDEBUGPooledDataSource forcefully closed/removed all connections.
2018-12-29 16:35:36org.apache.ibatis.logging.commons.JakartaCommonsLoggingImpl.debug(JakartaCommonsLoggingImpl.java:54)JakartaCommonsLoggingImpl.javaDEBUGPooledDataSource forcefully closed/removed all connections.
2018-12-29 16:35:36org.apache.ibatis.logging.commons.JakartaCommonsLoggingImpl.debug(JakartaCommonsLoggingImpl.java:54)JakartaCommonsLoggingImpl.javaDEBUGPooledDataSource forcefully closed/removed all connections.
2018-12-29 16:35:36org.apache.ibatis.logging.commons.JakartaCommonsLoggingImpl.debug(JakartaCommonsLoggingImpl.java:54)JakartaCommonsLoggingImpl.javaDEBUGOpening JDBC Connection
2018-12-29 16:35:37org.apache.ibatis.logging.commons.JakartaCommonsLoggingImpl.debug(JakartaCommonsLoggingImpl.java:54)JakartaCommonsLoggingImpl.javaDEBUGCreated connection 239465106.
2018-12-29 16:35:37org.apache.ibatis.logging.commons.JakartaCommonsLoggingImpl.debug(JakartaCommonsLoggingImpl.java:54)JakartaCommonsLoggingImpl.javaDEBUGSetting autocommit to false on JDBC Connection [com.mysql.jdbc.JDBC4Connection@e45f292]
2018-12-29 16:35:37org.apache.ibatis.logging.commons.JakartaCommonsLoggingImpl.debug(JakartaCommonsLoggingImpl.java:54)JakartaCommonsLoggingImpl.javaDEBUG==>  Preparing: select * from USER where id = ? 
2018-12-29 16:35:37org.apache.ibatis.logging.commons.JakartaCommonsLoggingImpl.debug(JakartaCommonsLoggingImpl.java:54)JakartaCommonsLoggingImpl.javaDEBUG==> Parameters: 10(Integer)
2018-12-29 16:35:37org.apache.ibatis.logging.commons.JakartaCommonsLoggingImpl.debug(JakartaCommonsLoggingImpl.java:54)JakartaCommonsLoggingImpl.javaDEBUG<==      Total: 0
2018-12-29 16:47:47org.apache.ibatis.logging.commons.JakartaCommonsLoggingImpl.debug(JakartaCommonsLoggingImpl.java:54)JakartaCommonsLoggingImpl.javaDEBUGLogging initialized using 'class org.apache.ibatis.logging.commons.JakartaCommonsLoggingImpl' adapter.
2018-12-29 16:47:47org.apache.ibatis.logging.commons.JakartaCommonsLoggingImpl.debug(JakartaCommonsLoggingImpl.java:54)JakartaCommonsLoggingImpl.javaDEBUGPooledDataSource forcefully closed/removed all connections.
2018-12-29 16:47:47org.apache.ibatis.logging.commons.JakartaCommonsLoggingImpl.debug(JakartaCommonsLoggingImpl.java:54)JakartaCommonsLoggingImpl.javaDEBUGPooledDataSource forcefully closed/removed all connections.
2018-12-29 16:47:47org.apache.ibatis.logging.commons.JakartaCommonsLoggingImpl.debug(JakartaCommonsLoggingImpl.java:54)JakartaCommonsLoggingImpl.javaDEBUGPooledDataSource forcefully closed/removed all connections.
2018-12-29 16:47:47org.apache.ibatis.logging.commons.JakartaCommonsLoggingImpl.debug(JakartaCommonsLoggingImpl.java:54)JakartaCommonsLoggingImpl.javaDEBUGPooledDataSource forcefully closed/removed all connections.
2018-12-29 16:47:47org.apache.ibatis.logging.commons.JakartaCommonsLoggingImpl.debug(JakartaCommonsLoggingImpl.java:54)JakartaCommonsLoggingImpl.javaDEBUGOpening JDBC Connection
2018-12-29 16:47:47org.apache.ibatis.logging.commons.JakartaCommonsLoggingImpl.debug(JakartaCommonsLoggingImpl.java:54)JakartaCommonsLoggingImpl.javaDEBUGCreated connection 121295574.
2018-12-29 16:47:47org.apache.ibatis.logging.commons.JakartaCommonsLoggingImpl.debug(JakartaCommonsLoggingImpl.java:54)JakartaCommonsLoggingImpl.javaDEBUGSetting autocommit to false on JDBC Connection [com.mysql.jdbc.JDBC4Connection@73ad2d6]
2018-12-29 16:47:47org.apache.ibatis.logging.commons.JakartaCommonsLoggingImpl.debug(JakartaCommonsLoggingImpl.java:54)JakartaCommonsLoggingImpl.javaDEBUG==>  Preparing: update user set username=? password=? email=? create_time=? where id=? 
2018-12-29 16:47:47org.apache.ibatis.logging.commons.JakartaCommonsLoggingImpl.debug(JakartaCommonsLoggingImpl.java:54)JakartaCommonsLoggingImpl.javaDEBUG==> Parameters: 小弟(String), 321654(String), xd@193.com(String), 2018-12-30(String), 12(Integer)
2018-12-29 16:50:29org.apache.ibatis.logging.commons.JakartaCommonsLoggingImpl.debug(JakartaCommonsLoggingImpl.java:54)JakartaCommonsLoggingImpl.javaDEBUGLogging initialized using 'class org.apache.ibatis.logging.commons.JakartaCommonsLoggingImpl' adapter.
2018-12-29 16:50:29org.apache.ibatis.logging.commons.JakartaCommonsLoggingImpl.debug(JakartaCommonsLoggingImpl.java:54)JakartaCommonsLoggingImpl.javaDEBUGPooledDataSource forcefully closed/removed all connections.
2018-12-29 16:50:29org.apache.ibatis.logging.commons.JakartaCommonsLoggingImpl.debug(JakartaCommonsLoggingImpl.java:54)JakartaCommonsLoggingImpl.javaDEBUGPooledDataSource forcefully closed/removed all connections.
2018-12-29 16:50:29org.apache.ibatis.logging.commons.JakartaCommonsLoggingImpl.debug(JakartaCommonsLoggingImpl.java:54)JakartaCommonsLoggingImpl.javaDEBUGPooledDataSource forcefully closed/removed all connections.
2018-12-29 16:50:29org.apache.ibatis.logging.commons.JakartaCommonsLoggingImpl.debug(JakartaCommonsLoggingImpl.java:54)JakartaCommonsLoggingImpl.javaDEBUGPooledDataSource forcefully closed/removed all connections.
2018-12-29 16:50:29org.apache.ibatis.logging.commons.JakartaCommonsLoggingImpl.debug(JakartaCommonsLoggingImpl.java:54)JakartaCommonsLoggingImpl.javaDEBUGOpening JDBC Connection
2018-12-29 16:50:30org.apache.ibatis.logging.commons.JakartaCommonsLoggingImpl.debug(JakartaCommonsLoggingImpl.java:54)JakartaCommonsLoggingImpl.javaDEBUGCreated connection 121295574.
2018-12-29 16:50:30org.apache.ibatis.logging.commons.JakartaCommonsLoggingImpl.debug(JakartaCommonsLoggingImpl.java:54)JakartaCommonsLoggingImpl.javaDEBUGSetting autocommit to false on JDBC Connection [com.mysql.jdbc.JDBC4Connection@73ad2d6]
2018-12-29 16:50:30org.apache.ibatis.logging.commons.JakartaCommonsLoggingImpl.debug(JakartaCommonsLoggingImpl.java:54)JakartaCommonsLoggingImpl.javaDEBUG==>  Preparing: update user set username=?, password=?, email=?, create_time=? where id=? 
2018-12-29 16:50:30org.apache.ibatis.logging.commons.JakartaCommonsLoggingImpl.debug(JakartaCommonsLoggingImpl.java:54)JakartaCommonsLoggingImpl.javaDEBUG==> Parameters: 小弟(String), 321654(String), xd@193.com(String), 2018-12-30(String), 12(Integer)
2018-12-29 16:50:30org.apache.ibatis.logging.commons.JakartaCommonsLoggingImpl.debug(JakartaCommonsLoggingImpl.java:54)JakartaCommonsLoggingImpl.javaDEBUG<==    Updates: 1
2018-12-29 16:50:30org.apache.ibatis.logging.commons.JakartaCommonsLoggingImpl.debug(JakartaCommonsLoggingImpl.java:54)JakartaCommonsLoggingImpl.javaDEBUGCommitting JDBC Connection [com.mysql.jdbc.JDBC4Connection@73ad2d6]
2018-12-29 16:50:30org.apache.ibatis.logging.commons.JakartaCommonsLoggingImpl.debug(JakartaCommonsLoggingImpl.java:54)JakartaCommonsLoggingImpl.javaDEBUGResetting autocommit to true on JDBC Connection [com.mysql.jdbc.JDBC4Connection@73ad2d6]
2018-12-29 16:50:30org.apache.ibatis.logging.commons.JakartaCommonsLoggingImpl.debug(JakartaCommonsLoggingImpl.java:54)JakartaCommonsLoggingImpl.javaDEBUGClosing JDBC Connection [com.mysql.jdbc.JDBC4Connection@73ad2d6]
2018-12-29 16:50:30org.apache.ibatis.logging.commons.JakartaCommonsLoggingImpl.debug(JakartaCommonsLoggingImpl.java:54)JakartaCommonsLoggingImpl.javaDEBUGReturned connection 121295574 to pool.
2018-12-29 17:22:01org.apache.ibatis.logging.commons.JakartaCommonsLoggingImpl.debug(JakartaCommonsLoggingImpl.java:54)JakartaCommonsLoggingImpl.javaDEBUGLogging initialized using 'class org.apache.ibatis.logging.commons.JakartaCommonsLoggingImpl' adapter.
2018-12-29 17:22:01org.apache.ibatis.logging.commons.JakartaCommonsLoggingImpl.debug(JakartaCommonsLoggingImpl.java:54)JakartaCommonsLoggingImpl.javaDEBUGPooledDataSource forcefully closed/removed all connections.
2018-12-29 17:22:01org.apache.ibatis.logging.commons.JakartaCommonsLoggingImpl.debug(JakartaCommonsLoggingImpl.java:54)JakartaCommonsLoggingImpl.javaDEBUGPooledDataSource forcefully closed/removed all connections.
2018-12-29 17:22:01org.apache.ibatis.logging.commons.JakartaCommonsLoggingImpl.debug(JakartaCommonsLoggingImpl.java:54)JakartaCommonsLoggingImpl.javaDEBUGPooledDataSource forcefully closed/removed all connections.
2018-12-29 17:22:01org.apache.ibatis.logging.commons.JakartaCommonsLoggingImpl.debug(JakartaCommonsLoggingImpl.java:54)JakartaCommonsLoggingImpl.javaDEBUGPooledDataSource forcefully closed/removed all connections.
2018-12-29 17:22:01org.apache.ibatis.logging.commons.JakartaCommonsLoggingImpl.debug(JakartaCommonsLoggingImpl.java:54)JakartaCommonsLoggingImpl.javaDEBUGOpening JDBC Connection
2018-12-29 17:22:01org.apache.ibatis.logging.commons.JakartaCommonsLoggingImpl.debug(JakartaCommonsLoggingImpl.java:54)JakartaCommonsLoggingImpl.javaDEBUGCreated connection 485041780.
2018-12-29 17:22:01org.apache.ibatis.logging.commons.JakartaCommonsLoggingImpl.debug(JakartaCommonsLoggingImpl.java:54)JakartaCommonsLoggingImpl.javaDEBUGSetting autocommit to false on JDBC Connection [com.mysql.jdbc.JDBC4Connection@1ce92674]
2018-12-29 17:22:01org.apache.ibatis.logging.commons.JakartaCommonsLoggingImpl.debug(JakartaCommonsLoggingImpl.java:54)JakartaCommonsLoggingImpl.javaDEBUG==>  Preparing: update user set username=?, password=?, email=?, create_time=? where id=? 
2018-12-29 17:22:01org.apache.ibatis.logging.commons.JakartaCommonsLoggingImpl.debug(JakartaCommonsLoggingImpl.java:54)JakartaCommonsLoggingImpl.javaDEBUG==> Parameters: 香香(String), 856269(String), xx@193.com(String), 2018-12-30(String), 11(Integer)
2018-12-29 17:22:01org.apache.ibatis.logging.commons.JakartaCommonsLoggingImpl.debug(JakartaCommonsLoggingImpl.java:54)JakartaCommonsLoggingImpl.javaDEBUG<==    Updates: 1
2018-12-29 17:22:01org.apache.ibatis.logging.commons.JakartaCommonsLoggingImpl.debug(JakartaCommonsLoggingImpl.java:54)JakartaCommonsLoggingImpl.javaDEBUGCommitting JDBC Connection [com.mysql.jdbc.JDBC4Connection@1ce92674]
2018-12-29 17:22:01org.apache.ibatis.logging.commons.JakartaCommonsLoggingImpl.debug(JakartaCommonsLoggingImpl.java:54)JakartaCommonsLoggingImpl.javaDEBUGResetting autocommit to true on JDBC Connection [com.mysql.jdbc.JDBC4Connection@1ce92674]
2018-12-29 17:22:01org.apache.ibatis.logging.commons.JakartaCommonsLoggingImpl.debug(JakartaCommonsLoggingImpl.java:54)JakartaCommonsLoggingImpl.javaDEBUGClosing JDBC Connection [com.mysql.jdbc.JDBC4Connection@1ce92674]
2018-12-29 17:22:01org.apache.ibatis.logging.commons.JakartaCommonsLoggingImpl.debug(JakartaCommonsLoggingImpl.java:54)JakartaCommonsLoggingImpl.javaDEBUGReturned connection 485041780 to pool.
2018-12-29 17:28:11org.apache.ibatis.logging.commons.JakartaCommonsLoggingImpl.debug(JakartaCommonsLoggingImpl.java:54)JakartaCommonsLoggingImpl.javaDEBUGLogging initialized using 'class org.apache.ibatis.logging.commons.JakartaCommonsLoggingImpl' adapter.
2018-12-29 17:28:11org.apache.ibatis.logging.commons.JakartaCommonsLoggingImpl.debug(JakartaCommonsLoggingImpl.java:54)JakartaCommonsLoggingImpl.javaDEBUGPooledDataSource forcefully closed/removed all connections.
2018-12-29 17:28:11org.apache.ibatis.logging.commons.JakartaCommonsLoggingImpl.debug(JakartaCommonsLoggingImpl.java:54)JakartaCommonsLoggingImpl.javaDEBUGPooledDataSource forcefully closed/removed all connections.
2018-12-29 17:28:11org.apache.ibatis.logging.commons.JakartaCommonsLoggingImpl.debug(JakartaCommonsLoggingImpl.java:54)JakartaCommonsLoggingImpl.javaDEBUGPooledDataSource forcefully closed/removed all connections.
2018-12-29 17:28:11org.apache.ibatis.logging.commons.JakartaCommonsLoggingImpl.debug(JakartaCommonsLoggingImpl.java:54)JakartaCommonsLoggingImpl.javaDEBUGPooledDataSource forcefully closed/removed all connections.
2018-12-29 17:28:11org.apache.ibatis.logging.commons.JakartaCommonsLoggingImpl.debug(JakartaCommonsLoggingImpl.java:54)JakartaCommonsLoggingImpl.javaDEBUGOpening JDBC Connection
2018-12-29 17:28:11org.apache.ibatis.logging.commons.JakartaCommonsLoggingImpl.debug(JakartaCommonsLoggingImpl.java:54)JakartaCommonsLoggingImpl.javaDEBUGCreated connection 485041780.
2018-12-29 17:28:11org.apache.ibatis.logging.commons.JakartaCommonsLoggingImpl.debug(JakartaCommonsLoggingImpl.java:54)JakartaCommonsLoggingImpl.javaDEBUGSetting autocommit to false on JDBC Connection [com.mysql.jdbc.JDBC4Connection@1ce92674]
2018-12-29 17:28:11org.apache.ibatis.logging.commons.JakartaCommonsLoggingImpl.debug(JakartaCommonsLoggingImpl.java:54)JakartaCommonsLoggingImpl.javaDEBUG==>  Preparing: insert into user(username,password,email,create_time) values(?,?,?,?) 
2018-12-29 17:28:11org.apache.ibatis.logging.commons.JakartaCommonsLoggingImpl.debug(JakartaCommonsLoggingImpl.java:54)JakartaCommonsLoggingImpl.javaDEBUG==> Parameters: 曹操(String), 458741(String), cc@163.com(String), 2018-12-30(String)
2018-12-29 17:28:11org.apache.ibatis.logging.commons.JakartaCommonsLoggingImpl.debug(JakartaCommonsLoggingImpl.java:54)JakartaCommonsLoggingImpl.javaDEBUG<==    Updates: 1
2018-12-29 17:28:11org.apache.ibatis.logging.commons.JakartaCommonsLoggingImpl.debug(JakartaCommonsLoggingImpl.java:54)JakartaCommonsLoggingImpl.javaDEBUG==>  Preparing: select LAST_INSERT_ID() 
2018-12-29 17:28:11org.apache.ibatis.logging.commons.JakartaCommonsLoggingImpl.debug(JakartaCommonsLoggingImpl.java:54)JakartaCommonsLoggingImpl.javaDEBUG==> Parameters: 
2018-12-29 17:28:11org.apache.ibatis.logging.commons.JakartaCommonsLoggingImpl.debug(JakartaCommonsLoggingImpl.java:54)JakartaCommonsLoggingImpl.javaDEBUG<==      Total: 1
2018-12-29 17:28:11org.apache.ibatis.logging.commons.JakartaCommonsLoggingImpl.debug(JakartaCommonsLoggingImpl.java:54)JakartaCommonsLoggingImpl.javaDEBUGCommitting JDBC Connection [com.mysql.jdbc.JDBC4Connection@1ce92674]
2018-12-29 17:28:12org.apache.ibatis.logging.commons.JakartaCommonsLoggingImpl.debug(JakartaCommonsLoggingImpl.java:54)JakartaCommonsLoggingImpl.javaDEBUGResetting autocommit to true on JDBC Connection [com.mysql.jdbc.JDBC4Connection@1ce92674]
2018-12-29 17:28:12org.apache.ibatis.logging.commons.JakartaCommonsLoggingImpl.debug(JakartaCommonsLoggingImpl.java:54)JakartaCommonsLoggingImpl.javaDEBUGClosing JDBC Connection [com.mysql.jdbc.JDBC4Connection@1ce92674]
2018-12-29 17:28:12org.apache.ibatis.logging.commons.JakartaCommonsLoggingImpl.debug(JakartaCommonsLoggingImpl.java:54)JakartaCommonsLoggingImpl.javaDEBUGReturned connection 485041780 to pool.
2018-12-29 17:45:59org.apache.ibatis.logging.commons.JakartaCommonsLoggingImpl.debug(JakartaCommonsLoggingImpl.java:54)JakartaCommonsLoggingImpl.javaDEBUGLogging initialized using 'class org.apache.ibatis.logging.commons.JakartaCommonsLoggingImpl' adapter.
2018-12-29 17:45:59org.apache.ibatis.logging.commons.JakartaCommonsLoggingImpl.debug(JakartaCommonsLoggingImpl.java:54)JakartaCommonsLoggingImpl.javaDEBUGPooledDataSource forcefully closed/removed all connections.
2018-12-29 17:45:59org.apache.ibatis.logging.commons.JakartaCommonsLoggingImpl.debug(JakartaCommonsLoggingImpl.java:54)JakartaCommonsLoggingImpl.javaDEBUGPooledDataSource forcefully closed/removed all connections.
2018-12-29 17:45:59org.apache.ibatis.logging.commons.JakartaCommonsLoggingImpl.debug(JakartaCommonsLoggingImpl.java:54)JakartaCommonsLoggingImpl.javaDEBUGPooledDataSource forcefully closed/removed all connections.
2018-12-29 17:45:59org.apache.ibatis.logging.commons.JakartaCommonsLoggingImpl.debug(JakartaCommonsLoggingImpl.java:54)JakartaCommonsLoggingImpl.javaDEBUGPooledDataSource forcefully closed/removed all connections.
2018-12-29 17:45:59org.apache.ibatis.logging.commons.JakartaCommonsLoggingImpl.debug(JakartaCommonsLoggingImpl.java:54)JakartaCommonsLoggingImpl.javaDEBUGOpening JDBC Connection
2018-12-29 17:45:59org.apache.ibatis.logging.commons.JakartaCommonsLoggingImpl.debug(JakartaCommonsLoggingImpl.java:54)JakartaCommonsLoggingImpl.javaDEBUGCreated connection 485041780.
2018-12-29 17:45:59org.apache.ibatis.logging.commons.JakartaCommonsLoggingImpl.debug(JakartaCommonsLoggingImpl.java:54)JakartaCommonsLoggingImpl.javaDEBUGSetting autocommit to false on JDBC Connection [com.mysql.jdbc.JDBC4Connection@1ce92674]
2018-12-29 17:45:59org.apache.ibatis.logging.commons.JakartaCommonsLoggingImpl.debug(JakartaCommonsLoggingImpl.java:54)JakartaCommonsLoggingImpl.javaDEBUG==>  Preparing: delete from user where id=? 
2018-12-29 17:45:59org.apache.ibatis.logging.commons.JakartaCommonsLoggingImpl.debug(JakartaCommonsLoggingImpl.java:54)JakartaCommonsLoggingImpl.javaDEBUG==> Parameters: 9(Integer)
2018-12-29 17:45:59org.apache.ibatis.logging.commons.JakartaCommonsLoggingImpl.debug(JakartaCommonsLoggingImpl.java:54)JakartaCommonsLoggingImpl.javaDEBUG<==    Updates: 1
2018-12-29 17:45:59org.apache.ibatis.logging.commons.JakartaCommonsLoggingImpl.debug(JakartaCommonsLoggingImpl.java:54)JakartaCommonsLoggingImpl.javaDEBUGCommitting JDBC Connection [com.mysql.jdbc.JDBC4Connection@1ce92674]
2018-12-29 17:45:59org.apache.ibatis.logging.commons.JakartaCommonsLoggingImpl.debug(JakartaCommonsLoggingImpl.java:54)JakartaCommonsLoggingImpl.javaDEBUGResetting autocommit to true on JDBC Connection [com.mysql.jdbc.JDBC4Connection@1ce92674]
2018-12-29 17:45:59org.apache.ibatis.logging.commons.JakartaCommonsLoggingImpl.debug(JakartaCommonsLoggingImpl.java:54)JakartaCommonsLoggingImpl.javaDEBUGClosing JDBC Connection [com.mysql.jdbc.JDBC4Connection@1ce92674]
2018-12-29 17:45:59org.apache.ibatis.logging.commons.JakartaCommonsLoggingImpl.debug(JakartaCommonsLoggingImpl.java:54)JakartaCommonsLoggingImpl.javaDEBUGReturned connection 485041780 to pool.
2019-01-02 14:23:23org.apache.ibatis.logging.commons.JakartaCommonsLoggingImpl.debug(JakartaCommonsLoggingImpl.java:54)JakartaCommonsLoggingImpl.javaDEBUGLogging initialized using 'class org.apache.ibatis.logging.commons.JakartaCommonsLoggingImpl' adapter.
2019-01-02 14:23:23org.apache.ibatis.logging.commons.JakartaCommonsLoggingImpl.debug(JakartaCommonsLoggingImpl.java:54)JakartaCommonsLoggingImpl.javaDEBUGPooledDataSource forcefully closed/removed all connections.
2019-01-02 14:23:23org.apache.ibatis.logging.commons.JakartaCommonsLoggingImpl.debug(JakartaCommonsLoggingImpl.java:54)JakartaCommonsLoggingImpl.javaDEBUGPooledDataSource forcefully closed/removed all connections.
2019-01-02 14:23:23org.apache.ibatis.logging.commons.JakartaCommonsLoggingImpl.debug(JakartaCommonsLoggingImpl.java:54)JakartaCommonsLoggingImpl.javaDEBUGPooledDataSource forcefully closed/removed all connections.
2019-01-02 14:23:23org.apache.ibatis.logging.commons.JakartaCommonsLoggingImpl.debug(JakartaCommonsLoggingImpl.java:54)JakartaCommonsLoggingImpl.javaDEBUGPooledDataSource forcefully closed/removed all connections.
2019-01-02 14:28:11org.apache.ibatis.logging.commons.JakartaCommonsLoggingImpl.debug(JakartaCommonsLoggingImpl.java:54)JakartaCommonsLoggingImpl.javaDEBUGLogging initialized using 'class org.apache.ibatis.logging.commons.JakartaCommonsLoggingImpl' adapter.
2019-01-02 14:28:11org.apache.ibatis.logging.commons.JakartaCommonsLoggingImpl.debug(JakartaCommonsLoggingImpl.java:54)JakartaCommonsLoggingImpl.javaDEBUGPooledDataSource forcefully closed/removed all connections.
2019-01-02 14:28:11org.apache.ibatis.logging.commons.JakartaCommonsLoggingImpl.debug(JakartaCommonsLoggingImpl.java:54)JakartaCommonsLoggingImpl.javaDEBUGPooledDataSource forcefully closed/removed all connections.
2019-01-02 14:28:11org.apache.ibatis.logging.commons.JakartaCommonsLoggingImpl.debug(JakartaCommonsLoggingImpl.java:54)JakartaCommonsLoggingImpl.javaDEBUGPooledDataSource forcefully closed/removed all connections.
2019-01-02 14:28:11org.apache.ibatis.logging.commons.JakartaCommonsLoggingImpl.debug(JakartaCommonsLoggingImpl.java:54)JakartaCommonsLoggingImpl.javaDEBUGPooledDataSource forcefully closed/removed all connections.
2019-01-02 14:28:12org.apache.ibatis.logging.commons.JakartaCommonsLoggingImpl.debug(JakartaCommonsLoggingImpl.java:54)JakartaCommonsLoggingImpl.javaDEBUGOpening JDBC Connection
2019-01-02 14:28:12org.apache.ibatis.logging.commons.JakartaCommonsLoggingImpl.debug(JakartaCommonsLoggingImpl.java:54)JakartaCommonsLoggingImpl.javaDEBUGCreated connection 1635756693.
2019-01-02 14:28:12org.apache.ibatis.logging.commons.JakartaCommonsLoggingImpl.debug(JakartaCommonsLoggingImpl.java:54)JakartaCommonsLoggingImpl.javaDEBUGSetting autocommit to false on JDBC Connection [com.mysql.jdbc.JDBC4Connection@617faa95]
2019-01-02 14:28:12org.apache.ibatis.logging.commons.JakartaCommonsLoggingImpl.debug(JakartaCommonsLoggingImpl.java:54)JakartaCommonsLoggingImpl.javaDEBUG==>  Preparing: select * from USER where id = ? 
2019-01-02 14:28:12org.apache.ibatis.logging.commons.JakartaCommonsLoggingImpl.debug(JakartaCommonsLoggingImpl.java:54)JakartaCommonsLoggingImpl.javaDEBUG==> Parameters: 10(Integer)
2019-01-02 14:28:12org.apache.ibatis.logging.commons.JakartaCommonsLoggingImpl.debug(JakartaCommonsLoggingImpl.java:54)JakartaCommonsLoggingImpl.javaDEBUG<==      Total: 1
2019-01-02 14:28:12org.apache.ibatis.logging.commons.JakartaCommonsLoggingImpl.debug(JakartaCommonsLoggingImpl.java:54)JakartaCommonsLoggingImpl.javaDEBUGResetting autocommit to true on JDBC Connection [com.mysql.jdbc.JDBC4Connection@617faa95]
2019-01-02 14:28:12org.apache.ibatis.logging.commons.JakartaCommonsLoggingImpl.debug(JakartaCommonsLoggingImpl.java:54)JakartaCommonsLoggingImpl.javaDEBUGClosing JDBC Connection [com.mysql.jdbc.JDBC4Connection@617faa95]
2019-01-02 14:28:12org.apache.ibatis.logging.commons.JakartaCommonsLoggingImpl.debug(JakartaCommonsLoggingImpl.java:54)JakartaCommonsLoggingImpl.javaDEBUGReturned connection 1635756693 to pool.
2019-01-02 14:30:04org.apache.ibatis.logging.commons.JakartaCommonsLoggingImpl.debug(JakartaCommonsLoggingImpl.java:54)JakartaCommonsLoggingImpl.javaDEBUGLogging initialized using 'class org.apache.ibatis.logging.commons.JakartaCommonsLoggingImpl' adapter.
2019-01-02 14:30:04org.apache.ibatis.logging.commons.JakartaCommonsLoggingImpl.debug(JakartaCommonsLoggingImpl.java:54)JakartaCommonsLoggingImpl.javaDEBUGPooledDataSource forcefully closed/removed all connections.
2019-01-02 14:30:04org.apache.ibatis.logging.commons.JakartaCommonsLoggingImpl.debug(JakartaCommonsLoggingImpl.java:54)JakartaCommonsLoggingImpl.javaDEBUGPooledDataSource forcefully closed/removed all connections.
2019-01-02 14:30:04org.apache.ibatis.logging.commons.JakartaCommonsLoggingImpl.debug(JakartaCommonsLoggingImpl.java:54)JakartaCommonsLoggingImpl.javaDEBUGPooledDataSource forcefully closed/removed all connections.
2019-01-02 14:30:04org.apache.ibatis.logging.commons.JakartaCommonsLoggingImpl.debug(JakartaCommonsLoggingImpl.java:54)JakartaCommonsLoggingImpl.javaDEBUGPooledDataSource forcefully closed/removed all connections.
2019-01-02 14:30:04org.apache.ibatis.logging.commons.JakartaCommonsLoggingImpl.debug(JakartaCommonsLoggingImpl.java:54)JakartaCommonsLoggingImpl.javaDEBUGOpening JDBC Connection
2019-01-02 14:30:04org.apache.ibatis.logging.commons.JakartaCommonsLoggingImpl.debug(JakartaCommonsLoggingImpl.java:54)JakartaCommonsLoggingImpl.javaDEBUGCreated connection 1440047379.
2019-01-02 14:30:04org.apache.ibatis.logging.commons.JakartaCommonsLoggingImpl.debug(JakartaCommonsLoggingImpl.java:54)JakartaCommonsLoggingImpl.javaDEBUGSetting autocommit to false on JDBC Connection [com.mysql.jdbc.JDBC4Connection@55d56113]
2019-01-02 14:30:04org.apache.ibatis.logging.commons.JakartaCommonsLoggingImpl.debug(JakartaCommonsLoggingImpl.java:54)JakartaCommonsLoggingImpl.javaDEBUG==>  Preparing: insert into user(username,password,email,create_time) values(?,?,?,?) 
2019-01-02 14:30:05org.apache.ibatis.logging.commons.JakartaCommonsLoggingImpl.debug(JakartaCommonsLoggingImpl.java:54)JakartaCommonsLoggingImpl.javaDEBUG==> Parameters: 张飞(String), 6325541(String), cc@163.com(String), 2018-12-30(String)
2019-01-02 14:30:05org.apache.ibatis.logging.commons.JakartaCommonsLoggingImpl.debug(JakartaCommonsLoggingImpl.java:54)JakartaCommonsLoggingImpl.javaDEBUG<==    Updates: 1
2019-01-02 14:30:05org.apache.ibatis.logging.commons.JakartaCommonsLoggingImpl.debug(JakartaCommonsLoggingImpl.java:54)JakartaCommonsLoggingImpl.javaDEBUG==>  Preparing: select LAST_INSERT_ID() 
2019-01-02 14:30:05org.apache.ibatis.logging.commons.JakartaCommonsLoggingImpl.debug(JakartaCommonsLoggingImpl.java:54)JakartaCommonsLoggingImpl.javaDEBUG==> Parameters: 
2019-01-02 14:30:05org.apache.ibatis.logging.commons.JakartaCommonsLoggingImpl.debug(JakartaCommonsLoggingImpl.java:54)JakartaCommonsLoggingImpl.javaDEBUG<==      Total: 1
2019-01-02 14:30:05org.apache.ibatis.logging.commons.JakartaCommonsLoggingImpl.debug(JakartaCommonsLoggingImpl.java:54)JakartaCommonsLoggingImpl.javaDEBUGCommitting JDBC Connection [com.mysql.jdbc.JDBC4Connection@55d56113]
2019-01-02 14:30:05org.apache.ibatis.logging.commons.JakartaCommonsLoggingImpl.debug(JakartaCommonsLoggingImpl.java:54)JakartaCommonsLoggingImpl.javaDEBUGResetting autocommit to true on JDBC Connection [com.mysql.jdbc.JDBC4Connection@55d56113]
2019-01-02 14:30:05org.apache.ibatis.logging.commons.JakartaCommonsLoggingImpl.debug(JakartaCommonsLoggingImpl.java:54)JakartaCommonsLoggingImpl.javaDEBUGClosing JDBC Connection [com.mysql.jdbc.JDBC4Connection@55d56113]
2019-01-02 14:30:05org.apache.ibatis.logging.commons.JakartaCommonsLoggingImpl.debug(JakartaCommonsLoggingImpl.java:54)JakartaCommonsLoggingImpl.javaDEBUGReturned connection 1440047379 to pool.
2019-01-02 14:35:39org.apache.ibatis.logging.commons.JakartaCommonsLoggingImpl.debug(JakartaCommonsLoggingImpl.java:54)JakartaCommonsLoggingImpl.javaDEBUGLogging initialized using 'class org.apache.ibatis.logging.commons.JakartaCommonsLoggingImpl' adapter.
2019-01-02 14:35:39org.apache.ibatis.logging.commons.JakartaCommonsLoggingImpl.debug(JakartaCommonsLoggingImpl.java:54)JakartaCommonsLoggingImpl.javaDEBUGPooledDataSource forcefully closed/removed all connections.
2019-01-02 14:35:39org.apache.ibatis.logging.commons.JakartaCommonsLoggingImpl.debug(JakartaCommonsLoggingImpl.java:54)JakartaCommonsLoggingImpl.javaDEBUGPooledDataSource forcefully closed/removed all connections.
2019-01-02 14:35:39org.apache.ibatis.logging.commons.JakartaCommonsLoggingImpl.debug(JakartaCommonsLoggingImpl.java:54)JakartaCommonsLoggingImpl.javaDEBUGPooledDataSource forcefully closed/removed all connections.
2019-01-02 14:35:39org.apache.ibatis.logging.commons.JakartaCommonsLoggingImpl.debug(JakartaCommonsLoggingImpl.java:54)JakartaCommonsLoggingImpl.javaDEBUGPooledDataSource forcefully closed/removed all connections.
2019-01-02 14:36:17org.apache.ibatis.logging.commons.JakartaCommonsLoggingImpl.debug(JakartaCommonsLoggingImpl.java:54)JakartaCommonsLoggingImpl.javaDEBUGLogging initialized using 'class org.apache.ibatis.logging.commons.JakartaCommonsLoggingImpl' adapter.
2019-01-02 14:36:17org.apache.ibatis.logging.commons.JakartaCommonsLoggingImpl.debug(JakartaCommonsLoggingImpl.java:54)JakartaCommonsLoggingImpl.javaDEBUGPooledDataSource forcefully closed/removed all connections.
2019-01-02 14:36:17org.apache.ibatis.logging.commons.JakartaCommonsLoggingImpl.debug(JakartaCommonsLoggingImpl.java:54)JakartaCommonsLoggingImpl.javaDEBUGPooledDataSource forcefully closed/removed all connections.
2019-01-02 14:36:17org.apache.ibatis.logging.commons.JakartaCommonsLoggingImpl.debug(JakartaCommonsLoggingImpl.java:54)JakartaCommonsLoggingImpl.javaDEBUGPooledDataSource forcefully closed/removed all connections.
2019-01-02 14:36:17org.apache.ibatis.logging.commons.JakartaCommonsLoggingImpl.debug(JakartaCommonsLoggingImpl.java:54)JakartaCommonsLoggingImpl.javaDEBUGPooledDataSource forcefully closed/removed all connections.
2019-01-02 14:36:17org.apache.ibatis.logging.commons.JakartaCommonsLoggingImpl.debug(JakartaCommonsLoggingImpl.java:54)JakartaCommonsLoggingImpl.javaDEBUGOpening JDBC Connection
2019-01-02 14:36:17org.apache.ibatis.logging.commons.JakartaCommonsLoggingImpl.debug(JakartaCommonsLoggingImpl.java:54)JakartaCommonsLoggingImpl.javaDEBUGCreated connection 1635756693.
2019-01-02 14:36:17org.apache.ibatis.logging.commons.JakartaCommonsLoggingImpl.debug(JakartaCommonsLoggingImpl.java:54)JakartaCommonsLoggingImpl.javaDEBUGSetting autocommit to false on JDBC Connection [com.mysql.jdbc.JDBC4Connection@617faa95]
2019-01-02 14:36:17org.apache.ibatis.logging.commons.JakartaCommonsLoggingImpl.debug(JakartaCommonsLoggingImpl.java:54)JakartaCommonsLoggingImpl.javaDEBUG==>  Preparing: select * from USER where id = ? 
2019-01-02 14:36:17org.apache.ibatis.logging.commons.JakartaCommonsLoggingImpl.debug(JakartaCommonsLoggingImpl.java:54)JakartaCommonsLoggingImpl.javaDEBUG==> Parameters: 10(Integer)
2019-01-02 14:36:17org.apache.ibatis.logging.commons.JakartaCommonsLoggingImpl.debug(JakartaCommonsLoggingImpl.java:54)JakartaCommonsLoggingImpl.javaDEBUG<==      Total: 1
2019-01-02 14:36:17org.apache.ibatis.logging.commons.JakartaCommonsLoggingImpl.debug(JakartaCommonsLoggingImpl.java:54)JakartaCommonsLoggingImpl.javaDEBUGResetting autocommit to true on JDBC Connection [com.mysql.jdbc.JDBC4Connection@617faa95]
2019-01-02 14:36:17org.apache.ibatis.logging.commons.JakartaCommonsLoggingImpl.debug(JakartaCommonsLoggingImpl.java:54)JakartaCommonsLoggingImpl.javaDEBUGClosing JDBC Connection [com.mysql.jdbc.JDBC4Connection@617faa95]
2019-01-02 14:36:17org.apache.ibatis.logging.commons.JakartaCommonsLoggingImpl.debug(JakartaCommonsLoggingImpl.java:54)JakartaCommonsLoggingImpl.javaDEBUGReturned connection 1635756693 to pool.
2019-01-02 14:36:25org.apache.ibatis.logging.commons.JakartaCommonsLoggingImpl.debug(JakartaCommonsLoggingImpl.java:54)JakartaCommonsLoggingImpl.javaDEBUGLogging initialized using 'class org.apache.ibatis.logging.commons.JakartaCommonsLoggingImpl' adapter.
2019-01-02 14:36:25org.apache.ibatis.logging.commons.JakartaCommonsLoggingImpl.debug(JakartaCommonsLoggingImpl.java:54)JakartaCommonsLoggingImpl.javaDEBUGPooledDataSource forcefully closed/removed all connections.
2019-01-02 14:36:25org.apache.ibatis.logging.commons.JakartaCommonsLoggingImpl.debug(JakartaCommonsLoggingImpl.java:54)JakartaCommonsLoggingImpl.javaDEBUGPooledDataSource forcefully closed/removed all connections.
2019-01-02 14:36:25org.apache.ibatis.logging.commons.JakartaCommonsLoggingImpl.debug(JakartaCommonsLoggingImpl.java:54)JakartaCommonsLoggingImpl.javaDEBUGPooledDataSource forcefully closed/removed all connections.
2019-01-02 14:36:25org.apache.ibatis.logging.commons.JakartaCommonsLoggingImpl.debug(JakartaCommonsLoggingImpl.java:54)JakartaCommonsLoggingImpl.javaDEBUGPooledDataSource forcefully closed/removed all connections.
2019-01-02 14:36:26org.apache.ibatis.logging.commons.JakartaCommonsLoggingImpl.debug(JakartaCommonsLoggingImpl.java:54)JakartaCommonsLoggingImpl.javaDEBUGOpening JDBC Connection
2019-01-02 14:36:26org.apache.ibatis.logging.commons.JakartaCommonsLoggingImpl.debug(JakartaCommonsLoggingImpl.java:54)JakartaCommonsLoggingImpl.javaDEBUGCreated connection 1635756693.
2019-01-02 14:36:26org.apache.ibatis.logging.commons.JakartaCommonsLoggingImpl.debug(JakartaCommonsLoggingImpl.java:54)JakartaCommonsLoggingImpl.javaDEBUGSetting autocommit to false on JDBC Connection [com.mysql.jdbc.JDBC4Connection@617faa95]
2019-01-02 14:36:26org.apache.ibatis.logging.commons.JakartaCommonsLoggingImpl.debug(JakartaCommonsLoggingImpl.java:54)JakartaCommonsLoggingImpl.javaDEBUG==>  Preparing: select * from USER where id = ? 
2019-01-02 14:36:26org.apache.ibatis.logging.commons.JakartaCommonsLoggingImpl.debug(JakartaCommonsLoggingImpl.java:54)JakartaCommonsLoggingImpl.javaDEBUG==> Parameters: 10(Integer)
2019-01-02 14:36:26org.apache.ibatis.logging.commons.JakartaCommonsLoggingImpl.debug(JakartaCommonsLoggingImpl.java:54)JakartaCommonsLoggingImpl.javaDEBUG<==      Total: 1
2019-01-02 14:36:26org.apache.ibatis.logging.commons.JakartaCommonsLoggingImpl.debug(JakartaCommonsLoggingImpl.java:54)JakartaCommonsLoggingImpl.javaDEBUGResetting autocommit to true on JDBC Connection [com.mysql.jdbc.JDBC4Connection@617faa95]
2019-01-02 14:36:26org.apache.ibatis.logging.commons.JakartaCommonsLoggingImpl.debug(JakartaCommonsLoggingImpl.java:54)JakartaCommonsLoggingImpl.javaDEBUGClosing JDBC Connection [com.mysql.jdbc.JDBC4Connection@617faa95]
2019-01-02 14:36:26org.apache.ibatis.logging.commons.JakartaCommonsLoggingImpl.debug(JakartaCommonsLoggingImpl.java:54)JakartaCommonsLoggingImpl.javaDEBUGReturned connection 1635756693 to pool.
2019-01-02 14:37:30org.apache.ibatis.logging.commons.JakartaCommonsLoggingImpl.debug(JakartaCommonsLoggingImpl.java:54)JakartaCommonsLoggingImpl.javaDEBUGLogging initialized using 'class org.apache.ibatis.logging.commons.JakartaCommonsLoggingImpl' adapter.
2019-01-02 14:37:30org.apache.ibatis.logging.commons.JakartaCommonsLoggingImpl.debug(JakartaCommonsLoggingImpl.java:54)JakartaCommonsLoggingImpl.javaDEBUGPooledDataSource forcefully closed/removed all connections.
2019-01-02 14:37:30org.apache.ibatis.logging.commons.JakartaCommonsLoggingImpl.debug(JakartaCommonsLoggingImpl.java:54)JakartaCommonsLoggingImpl.javaDEBUGPooledDataSource forcefully closed/removed all connections.
2019-01-02 14:37:30org.apache.ibatis.logging.commons.JakartaCommonsLoggingImpl.debug(JakartaCommonsLoggingImpl.java:54)JakartaCommonsLoggingImpl.javaDEBUGPooledDataSource forcefully closed/removed all connections.
2019-01-02 14:37:30org.apache.ibatis.logging.commons.JakartaCommonsLoggingImpl.debug(JakartaCommonsLoggingImpl.java:54)JakartaCommonsLoggingImpl.javaDEBUGPooledDataSource forcefully closed/removed all connections.
2019-01-02 14:37:30org.apache.ibatis.logging.commons.JakartaCommonsLoggingImpl.debug(JakartaCommonsLoggingImpl.java:54)JakartaCommonsLoggingImpl.javaDEBUGOpening JDBC Connection
2019-01-02 14:37:31org.apache.ibatis.logging.commons.JakartaCommonsLoggingImpl.debug(JakartaCommonsLoggingImpl.java:54)JakartaCommonsLoggingImpl.javaDEBUGCreated connection 2025864991.
2019-01-02 14:37:31org.apache.ibatis.logging.commons.JakartaCommonsLoggingImpl.debug(JakartaCommonsLoggingImpl.java:54)JakartaCommonsLoggingImpl.javaDEBUGSetting autocommit to false on JDBC Connection [com.mysql.jdbc.JDBC4Connection@78c03f1f]
2019-01-02 14:37:31org.apache.ibatis.logging.commons.JakartaCommonsLoggingImpl.debug(JakartaCommonsLoggingImpl.java:54)JakartaCommonsLoggingImpl.javaDEBUG==>  Preparing: select * from USER where id = ? 
2019-01-02 14:37:31org.apache.ibatis.logging.commons.JakartaCommonsLoggingImpl.debug(JakartaCommonsLoggingImpl.java:54)JakartaCommonsLoggingImpl.javaDEBUG==> Parameters: 10(Integer)
2019-01-02 14:37:31org.apache.ibatis.logging.commons.JakartaCommonsLoggingImpl.debug(JakartaCommonsLoggingImpl.java:54)JakartaCommonsLoggingImpl.javaDEBUG<==      Total: 1
2019-01-02 14:37:31org.apache.ibatis.logging.commons.JakartaCommonsLoggingImpl.debug(JakartaCommonsLoggingImpl.java:54)JakartaCommonsLoggingImpl.javaDEBUGResetting autocommit to true on JDBC Connection [com.mysql.jdbc.JDBC4Connection@78c03f1f]
2019-01-02 14:37:31org.apache.ibatis.logging.commons.JakartaCommonsLoggingImpl.debug(JakartaCommonsLoggingImpl.java:54)JakartaCommonsLoggingImpl.javaDEBUGClosing JDBC Connection [com.mysql.jdbc.JDBC4Connection@78c03f1f]
2019-01-02 14:37:31org.apache.ibatis.logging.commons.JakartaCommonsLoggingImpl.debug(JakartaCommonsLoggingImpl.java:54)JakartaCommonsLoggingImpl.javaDEBUGReturned connection 2025864991 to pool.
2019-01-02 14:41:06org.apache.ibatis.logging.commons.JakartaCommonsLoggingImpl.debug(JakartaCommonsLoggingImpl.java:54)JakartaCommonsLoggingImpl.javaDEBUGLogging initialized using 'class org.apache.ibatis.logging.commons.JakartaCommonsLoggingImpl' adapter.
2019-01-02 14:41:06org.apache.ibatis.logging.commons.JakartaCommonsLoggingImpl.debug(JakartaCommonsLoggingImpl.java:54)JakartaCommonsLoggingImpl.javaDEBUGPooledDataSource forcefully closed/removed all connections.
2019-01-02 14:41:06org.apache.ibatis.logging.commons.JakartaCommonsLoggingImpl.debug(JakartaCommonsLoggingImpl.java:54)JakartaCommonsLoggingImpl.javaDEBUGPooledDataSource forcefully closed/removed all connections.
2019-01-02 14:41:06org.apache.ibatis.logging.commons.JakartaCommonsLoggingImpl.debug(JakartaCommonsLoggingImpl.java:54)JakartaCommonsLoggingImpl.javaDEBUGPooledDataSource forcefully closed/removed all connections.
2019-01-02 14:41:06org.apache.ibatis.logging.commons.JakartaCommonsLoggingImpl.debug(JakartaCommonsLoggingImpl.java:54)JakartaCommonsLoggingImpl.javaDEBUGPooledDataSource forcefully closed/removed all connections.
2019-01-02 14:41:06org.apache.ibatis.logging.commons.JakartaCommonsLoggingImpl.debug(JakartaCommonsLoggingImpl.java:54)JakartaCommonsLoggingImpl.javaDEBUGOpening JDBC Connection
2019-01-02 14:41:07org.apache.ibatis.logging.commons.JakartaCommonsLoggingImpl.debug(JakartaCommonsLoggingImpl.java:54)JakartaCommonsLoggingImpl.javaDEBUGCreated connection 2025864991.
2019-01-02 14:41:07org.apache.ibatis.logging.commons.JakartaCommonsLoggingImpl.debug(JakartaCommonsLoggingImpl.java:54)JakartaCommonsLoggingImpl.javaDEBUGSetting autocommit to false on JDBC Connection [com.mysql.jdbc.JDBC4Connection@78c03f1f]
2019-01-02 14:41:07org.apache.ibatis.logging.commons.JakartaCommonsLoggingImpl.debug(JakartaCommonsLoggingImpl.java:54)JakartaCommonsLoggingImpl.javaDEBUG==>  Preparing: select * from USER where id = ? 
2019-01-02 14:41:07org.apache.ibatis.logging.commons.JakartaCommonsLoggingImpl.debug(JakartaCommonsLoggingImpl.java:54)JakartaCommonsLoggingImpl.javaDEBUG==> Parameters: 10(Integer)
2019-01-02 14:41:07org.apache.ibatis.logging.commons.JakartaCommonsLoggingImpl.debug(JakartaCommonsLoggingImpl.java:54)JakartaCommonsLoggingImpl.javaDEBUG<==      Total: 1
2019-01-02 14:41:07org.apache.ibatis.logging.commons.JakartaCommonsLoggingImpl.debug(JakartaCommonsLoggingImpl.java:54)JakartaCommonsLoggingImpl.javaDEBUGResetting autocommit to true on JDBC Connection [com.mysql.jdbc.JDBC4Connection@78c03f1f]
2019-01-02 14:41:07org.apache.ibatis.logging.commons.JakartaCommonsLoggingImpl.debug(JakartaCommonsLoggingImpl.java:54)JakartaCommonsLoggingImpl.javaDEBUGClosing JDBC Connection [com.mysql.jdbc.JDBC4Connection@78c03f1f]
2019-01-02 14:41:07org.apache.ibatis.logging.commons.JakartaCommonsLoggingImpl.debug(JakartaCommonsLoggingImpl.java:54)JakartaCommonsLoggingImpl.javaDEBUGReturned connection 2025864991 to pool.
2019-01-02 14:41:07org.apache.ibatis.logging.commons.JakartaCommonsLoggingImpl.debug(JakartaCommonsLoggingImpl.java:54)JakartaCommonsLoggingImpl.javaDEBUGOpening JDBC Connection
2019-01-02 14:41:07org.apache.ibatis.logging.commons.JakartaCommonsLoggingImpl.debug(JakartaCommonsLoggingImpl.java:54)JakartaCommonsLoggingImpl.javaDEBUGChecked out connection 2025864991 from pool.
2019-01-02 14:41:07org.apache.ibatis.logging.commons.JakartaCommonsLoggingImpl.debug(JakartaCommonsLoggingImpl.java:54)JakartaCommonsLoggingImpl.javaDEBUGSetting autocommit to false on JDBC Connection [com.mysql.jdbc.JDBC4Connection@78c03f1f]
2019-01-02 14:41:07org.apache.ibatis.logging.commons.JakartaCommonsLoggingImpl.debug(JakartaCommonsLoggingImpl.java:54)JakartaCommonsLoggingImpl.javaDEBUG==>  Preparing: select * from USER where username like '%小%' 
2019-01-02 14:41:07org.apache.ibatis.logging.commons.JakartaCommonsLoggingImpl.debug(JakartaCommonsLoggingImpl.java:54)JakartaCommonsLoggingImpl.javaDEBUG==> Parameters: 
2019-01-02 14:41:07org.apache.ibatis.logging.commons.JakartaCommonsLoggingImpl.debug(JakartaCommonsLoggingImpl.java:54)JakartaCommonsLoggingImpl.javaDEBUG<==      Total: 2
2019-01-02 14:41:07org.apache.ibatis.logging.commons.JakartaCommonsLoggingImpl.debug(JakartaCommonsLoggingImpl.java:54)JakartaCommonsLoggingImpl.javaDEBUGResetting autocommit to true on JDBC Connection [com.mysql.jdbc.JDBC4Connection@78c03f1f]
2019-01-02 14:41:07org.apache.ibatis.logging.commons.JakartaCommonsLoggingImpl.debug(JakartaCommonsLoggingImpl.java:54)JakartaCommonsLoggingImpl.javaDEBUGClosing JDBC Connection [com.mysql.jdbc.JDBC4Connection@78c03f1f]
2019-01-02 14:41:07org.apache.ibatis.logging.commons.JakartaCommonsLoggingImpl.debug(JakartaCommonsLoggingImpl.java:54)JakartaCommonsLoggingImpl.javaDEBUGReturned connection 2025864991 to pool.
2019-01-02 14:43:29org.apache.ibatis.logging.commons.JakartaCommonsLoggingImpl.debug(JakartaCommonsLoggingImpl.java:54)JakartaCommonsLoggingImpl.javaDEBUGLogging initialized using 'class org.apache.ibatis.logging.commons.JakartaCommonsLoggingImpl' adapter.
2019-01-02 14:43:29org.apache.ibatis.logging.commons.JakartaCommonsLoggingImpl.debug(JakartaCommonsLoggingImpl.java:54)JakartaCommonsLoggingImpl.javaDEBUGPooledDataSource forcefully closed/removed all connections.
2019-01-02 14:43:29org.apache.ibatis.logging.commons.JakartaCommonsLoggingImpl.debug(JakartaCommonsLoggingImpl.java:54)JakartaCommonsLoggingImpl.javaDEBUGPooledDataSource forcefully closed/removed all connections.
2019-01-02 14:43:29org.apache.ibatis.logging.commons.JakartaCommonsLoggingImpl.debug(JakartaCommonsLoggingImpl.java:54)JakartaCommonsLoggingImpl.javaDEBUGPooledDataSource forcefully closed/removed all connections.
2019-01-02 14:43:29org.apache.ibatis.logging.commons.JakartaCommonsLoggingImpl.debug(JakartaCommonsLoggingImpl.java:54)JakartaCommonsLoggingImpl.javaDEBUGPooledDataSource forcefully closed/removed all connections.
2019-01-02 14:43:29org.apache.ibatis.logging.commons.JakartaCommonsLoggingImpl.debug(JakartaCommonsLoggingImpl.java:54)JakartaCommonsLoggingImpl.javaDEBUGOpening JDBC Connection
2019-01-02 14:43:29org.apache.ibatis.logging.commons.JakartaCommonsLoggingImpl.debug(JakartaCommonsLoggingImpl.java:54)JakartaCommonsLoggingImpl.javaDEBUGCreated connection 174573182.
2019-01-02 14:43:29org.apache.ibatis.logging.commons.JakartaCommonsLoggingImpl.debug(JakartaCommonsLoggingImpl.java:54)JakartaCommonsLoggingImpl.javaDEBUGSetting autocommit to false on JDBC Connection [com.mysql.jdbc.JDBC4Connection@a67c67e]
2019-01-02 14:43:29org.apache.ibatis.logging.commons.JakartaCommonsLoggingImpl.debug(JakartaCommonsLoggingImpl.java:54)JakartaCommonsLoggingImpl.javaDEBUG==>  Preparing: insert into user(username,password,email,create_time) values(?,?,?,?) 
2019-01-02 14:43:29org.apache.ibatis.logging.commons.JakartaCommonsLoggingImpl.debug(JakartaCommonsLoggingImpl.java:54)JakartaCommonsLoggingImpl.javaDEBUG==> Parameters: 小鸟(String), 6325411(String), xn@163.com(String), 2019-01-02(String)
2019-01-02 14:43:29org.apache.ibatis.logging.commons.JakartaCommonsLoggingImpl.debug(JakartaCommonsLoggingImpl.java:54)JakartaCommonsLoggingImpl.javaDEBUG<==    Updates: 1
2019-01-02 14:43:29org.apache.ibatis.logging.commons.JakartaCommonsLoggingImpl.debug(JakartaCommonsLoggingImpl.java:54)JakartaCommonsLoggingImpl.javaDEBUG==>  Preparing: select LAST_INSERT_ID() 
2019-01-02 14:43:29org.apache.ibatis.logging.commons.JakartaCommonsLoggingImpl.debug(JakartaCommonsLoggingImpl.java:54)JakartaCommonsLoggingImpl.javaDEBUG==> Parameters: 
2019-01-02 14:43:29org.apache.ibatis.logging.commons.JakartaCommonsLoggingImpl.debug(JakartaCommonsLoggingImpl.java:54)JakartaCommonsLoggingImpl.javaDEBUG<==      Total: 1
2019-01-02 14:43:29org.apache.ibatis.logging.commons.JakartaCommonsLoggingImpl.debug(JakartaCommonsLoggingImpl.java:54)JakartaCommonsLoggingImpl.javaDEBUGCommitting JDBC Connection [com.mysql.jdbc.JDBC4Connection@a67c67e]
2019-01-02 14:43:29org.apache.ibatis.logging.commons.JakartaCommonsLoggingImpl.debug(JakartaCommonsLoggingImpl.java:54)JakartaCommonsLoggingImpl.javaDEBUGResetting autocommit to true on JDBC Connection [com.mysql.jdbc.JDBC4Connection@a67c67e]
2019-01-02 14:43:29org.apache.ibatis.logging.commons.JakartaCommonsLoggingImpl.debug(JakartaCommonsLoggingImpl.java:54)JakartaCommonsLoggingImpl.javaDEBUGClosing JDBC Connection [com.mysql.jdbc.JDBC4Connection@a67c67e]
2019-01-02 14:43:29org.apache.ibatis.logging.commons.JakartaCommonsLoggingImpl.debug(JakartaCommonsLoggingImpl.java:54)JakartaCommonsLoggingImpl.javaDEBUGReturned connection 174573182 to pool.
2019-01-02 14:43:29org.apache.ibatis.logging.commons.JakartaCommonsLoggingImpl.debug(JakartaCommonsLoggingImpl.java:54)JakartaCommonsLoggingImpl.javaDEBUGOpening JDBC Connection
2019-01-02 14:43:29org.apache.ibatis.logging.commons.JakartaCommonsLoggingImpl.debug(JakartaCommonsLoggingImpl.java:54)JakartaCommonsLoggingImpl.javaDEBUGChecked out connection 174573182 from pool.
2019-01-02 14:43:29org.apache.ibatis.logging.commons.JakartaCommonsLoggingImpl.debug(JakartaCommonsLoggingImpl.java:54)JakartaCommonsLoggingImpl.javaDEBUGSetting autocommit to false on JDBC Connection [com.mysql.jdbc.JDBC4Connection@a67c67e]
2019-01-02 14:43:29org.apache.ibatis.logging.commons.JakartaCommonsLoggingImpl.debug(JakartaCommonsLoggingImpl.java:54)JakartaCommonsLoggingImpl.javaDEBUG==>  Preparing: select * from USER where id = ? 
2019-01-02 14:43:29org.apache.ibatis.logging.commons.JakartaCommonsLoggingImpl.debug(JakartaCommonsLoggingImpl.java:54)JakartaCommonsLoggingImpl.javaDEBUG==> Parameters: 10(Integer)
2019-01-02 14:43:29org.apache.ibatis.logging.commons.JakartaCommonsLoggingImpl.debug(JakartaCommonsLoggingImpl.java:54)JakartaCommonsLoggingImpl.javaDEBUG<==      Total: 1
2019-01-02 14:43:29org.apache.ibatis.logging.commons.JakartaCommonsLoggingImpl.debug(JakartaCommonsLoggingImpl.java:54)JakartaCommonsLoggingImpl.javaDEBUGResetting autocommit to true on JDBC Connection [com.mysql.jdbc.JDBC4Connection@a67c67e]
2019-01-02 14:43:29org.apache.ibatis.logging.commons.JakartaCommonsLoggingImpl.debug(JakartaCommonsLoggingImpl.java:54)JakartaCommonsLoggingImpl.javaDEBUGClosing JDBC Connection [com.mysql.jdbc.JDBC4Connection@a67c67e]
2019-01-02 14:43:29org.apache.ibatis.logging.commons.JakartaCommonsLoggingImpl.debug(JakartaCommonsLoggingImpl.java:54)JakartaCommonsLoggingImpl.javaDEBUGReturned connection 174573182 to pool.
2019-01-02 14:43:29org.apache.ibatis.logging.commons.JakartaCommonsLoggingImpl.debug(JakartaCommonsLoggingImpl.java:54)JakartaCommonsLoggingImpl.javaDEBUGOpening JDBC Connection
2019-01-02 14:43:29org.apache.ibatis.logging.commons.JakartaCommonsLoggingImpl.debug(JakartaCommonsLoggingImpl.java:54)JakartaCommonsLoggingImpl.javaDEBUGChecked out connection 174573182 from pool.
2019-01-02 14:43:29org.apache.ibatis.logging.commons.JakartaCommonsLoggingImpl.debug(JakartaCommonsLoggingImpl.java:54)JakartaCommonsLoggingImpl.javaDEBUGSetting autocommit to false on JDBC Connection [com.mysql.jdbc.JDBC4Connection@a67c67e]
2019-01-02 14:43:29org.apache.ibatis.logging.commons.JakartaCommonsLoggingImpl.debug(JakartaCommonsLoggingImpl.java:54)JakartaCommonsLoggingImpl.javaDEBUG==>  Preparing: select * from USER where username like '%小%' 
2019-01-02 14:43:29org.apache.ibatis.logging.commons.JakartaCommonsLoggingImpl.debug(JakartaCommonsLoggingImpl.java:54)JakartaCommonsLoggingImpl.javaDEBUG==> Parameters: 
2019-01-02 14:43:29org.apache.ibatis.logging.commons.JakartaCommonsLoggingImpl.debug(JakartaCommonsLoggingImpl.java:54)JakartaCommonsLoggingImpl.javaDEBUG<==      Total: 3
2019-01-02 14:43:29org.apache.ibatis.logging.commons.JakartaCommonsLoggingImpl.debug(JakartaCommonsLoggingImpl.java:54)JakartaCommonsLoggingImpl.javaDEBUGResetting autocommit to true on JDBC Connection [com.mysql.jdbc.JDBC4Connection@a67c67e]
2019-01-02 14:43:29org.apache.ibatis.logging.commons.JakartaCommonsLoggingImpl.debug(JakartaCommonsLoggingImpl.java:54)JakartaCommonsLoggingImpl.javaDEBUGClosing JDBC Connection [com.mysql.jdbc.JDBC4Connection@a67c67e]
2019-01-02 14:43:29org.apache.ibatis.logging.commons.JakartaCommonsLoggingImpl.debug(JakartaCommonsLoggingImpl.java:54)JakartaCommonsLoggingImpl.javaDEBUGReturned connection 174573182 to pool.
2019-01-02 14:44:51org.apache.ibatis.logging.commons.JakartaCommonsLoggingImpl.debug(JakartaCommonsLoggingImpl.java:54)JakartaCommonsLoggingImpl.javaDEBUGLogging initialized using 'class org.apache.ibatis.logging.commons.JakartaCommonsLoggingImpl' adapter.
2019-01-02 14:44:51org.apache.ibatis.logging.commons.JakartaCommonsLoggingImpl.debug(JakartaCommonsLoggingImpl.java:54)JakartaCommonsLoggingImpl.javaDEBUGPooledDataSource forcefully closed/removed all connections.
2019-01-02 14:44:51org.apache.ibatis.logging.commons.JakartaCommonsLoggingImpl.debug(JakartaCommonsLoggingImpl.java:54)JakartaCommonsLoggingImpl.javaDEBUGPooledDataSource forcefully closed/removed all connections.
2019-01-02 14:44:51org.apache.ibatis.logging.commons.JakartaCommonsLoggingImpl.debug(JakartaCommonsLoggingImpl.java:54)JakartaCommonsLoggingImpl.javaDEBUGPooledDataSource forcefully closed/removed all connections.
2019-01-02 14:44:51org.apache.ibatis.logging.commons.JakartaCommonsLoggingImpl.debug(JakartaCommonsLoggingImpl.java:54)JakartaCommonsLoggingImpl.javaDEBUGPooledDataSource forcefully closed/removed all connections.
2019-01-02 14:44:52org.apache.ibatis.logging.commons.JakartaCommonsLoggingImpl.debug(JakartaCommonsLoggingImpl.java:54)JakartaCommonsLoggingImpl.javaDEBUGOpening JDBC Connection
2019-01-02 14:44:52org.apache.ibatis.logging.commons.JakartaCommonsLoggingImpl.debug(JakartaCommonsLoggingImpl.java:54)JakartaCommonsLoggingImpl.javaDEBUGCreated connection 174573182.
2019-01-02 14:44:52org.apache.ibatis.logging.commons.JakartaCommonsLoggingImpl.debug(JakartaCommonsLoggingImpl.java:54)JakartaCommonsLoggingImpl.javaDEBUGSetting autocommit to false on JDBC Connection [com.mysql.jdbc.JDBC4Connection@a67c67e]
2019-01-02 14:44:52org.apache.ibatis.logging.commons.JakartaCommonsLoggingImpl.debug(JakartaCommonsLoggingImpl.java:54)JakartaCommonsLoggingImpl.javaDEBUG==>  Preparing: update user set username=?, password=?, email=?, create_time=? where id = ? 
2019-01-02 14:44:52org.apache.ibatis.logging.commons.JakartaCommonsLoggingImpl.debug(JakartaCommonsLoggingImpl.java:54)JakartaCommonsLoggingImpl.javaDEBUG==> Parameters: 小(String), 856269(String), xx@193.com(String), 2019-01-02(String), 11(Integer)
2019-01-02 14:44:52org.apache.ibatis.logging.commons.JakartaCommonsLoggingImpl.debug(JakartaCommonsLoggingImpl.java:54)JakartaCommonsLoggingImpl.javaDEBUG<==    Updates: 1
2019-01-02 14:44:52org.apache.ibatis.logging.commons.JakartaCommonsLoggingImpl.debug(JakartaCommonsLoggingImpl.java:54)JakartaCommonsLoggingImpl.javaDEBUGCommitting JDBC Connection [com.mysql.jdbc.JDBC4Connection@a67c67e]
2019-01-02 14:44:52org.apache.ibatis.logging.commons.JakartaCommonsLoggingImpl.debug(JakartaCommonsLoggingImpl.java:54)JakartaCommonsLoggingImpl.javaDEBUGResetting autocommit to true on JDBC Connection [com.mysql.jdbc.JDBC4Connection@a67c67e]
2019-01-02 14:44:52org.apache.ibatis.logging.commons.JakartaCommonsLoggingImpl.debug(JakartaCommonsLoggingImpl.java:54)JakartaCommonsLoggingImpl.javaDEBUGClosing JDBC Connection [com.mysql.jdbc.JDBC4Connection@a67c67e]
2019-01-02 14:44:52org.apache.ibatis.logging.commons.JakartaCommonsLoggingImpl.debug(JakartaCommonsLoggingImpl.java:54)JakartaCommonsLoggingImpl.javaDEBUGReturned connection 174573182 to pool.
2019-01-02 14:45:22org.apache.ibatis.logging.commons.JakartaCommonsLoggingImpl.debug(JakartaCommonsLoggingImpl.java:54)JakartaCommonsLoggingImpl.javaDEBUGLogging initialized using 'class org.apache.ibatis.logging.commons.JakartaCommonsLoggingImpl' adapter.
2019-01-02 14:45:22org.apache.ibatis.logging.commons.JakartaCommonsLoggingImpl.debug(JakartaCommonsLoggingImpl.java:54)JakartaCommonsLoggingImpl.javaDEBUGPooledDataSource forcefully closed/removed all connections.
2019-01-02 14:45:22org.apache.ibatis.logging.commons.JakartaCommonsLoggingImpl.debug(JakartaCommonsLoggingImpl.java:54)JakartaCommonsLoggingImpl.javaDEBUGPooledDataSource forcefully closed/removed all connections.
2019-01-02 14:45:22org.apache.ibatis.logging.commons.JakartaCommonsLoggingImpl.debug(JakartaCommonsLoggingImpl.java:54)JakartaCommonsLoggingImpl.javaDEBUGPooledDataSource forcefully closed/removed all connections.
2019-01-02 14:45:22org.apache.ibatis.logging.commons.JakartaCommonsLoggingImpl.debug(JakartaCommonsLoggingImpl.java:54)JakartaCommonsLoggingImpl.javaDEBUGPooledDataSource forcefully closed/removed all connections.
2019-01-02 14:45:23org.apache.ibatis.logging.commons.JakartaCommonsLoggingImpl.debug(JakartaCommonsLoggingImpl.java:54)JakartaCommonsLoggingImpl.javaDEBUGOpening JDBC Connection
2019-01-02 14:45:23org.apache.ibatis.logging.commons.JakartaCommonsLoggingImpl.debug(JakartaCommonsLoggingImpl.java:54)JakartaCommonsLoggingImpl.javaDEBUGCreated connection 174573182.
2019-01-02 14:45:23org.apache.ibatis.logging.commons.JakartaCommonsLoggingImpl.debug(JakartaCommonsLoggingImpl.java:54)JakartaCommonsLoggingImpl.javaDEBUGSetting autocommit to false on JDBC Connection [com.mysql.jdbc.JDBC4Connection@a67c67e]
2019-01-02 14:45:23org.apache.ibatis.logging.commons.JakartaCommonsLoggingImpl.debug(JakartaCommonsLoggingImpl.java:54)JakartaCommonsLoggingImpl.javaDEBUG==>  Preparing: update user set username=?, password=?, email=?, create_time=? where id = ? 
2019-01-02 14:45:23org.apache.ibatis.logging.commons.JakartaCommonsLoggingImpl.debug(JakartaCommonsLoggingImpl.java:54)JakartaCommonsLoggingImpl.javaDEBUG==> Parameters: 小香(String), 856269(String), xx@193.com(String), 2019-01-02(String), 11(Integer)
2019-01-02 14:45:23org.apache.ibatis.logging.commons.JakartaCommonsLoggingImpl.debug(JakartaCommonsLoggingImpl.java:54)JakartaCommonsLoggingImpl.javaDEBUG<==    Updates: 1
2019-01-02 14:45:23org.apache.ibatis.logging.commons.JakartaCommonsLoggingImpl.debug(JakartaCommonsLoggingImpl.java:54)JakartaCommonsLoggingImpl.javaDEBUGCommitting JDBC Connection [com.mysql.jdbc.JDBC4Connection@a67c67e]
2019-01-02 14:45:23org.apache.ibatis.logging.commons.JakartaCommonsLoggingImpl.debug(JakartaCommonsLoggingImpl.java:54)JakartaCommonsLoggingImpl.javaDEBUGResetting autocommit to true on JDBC Connection [com.mysql.jdbc.JDBC4Connection@a67c67e]
2019-01-02 14:45:23org.apache.ibatis.logging.commons.JakartaCommonsLoggingImpl.debug(JakartaCommonsLoggingImpl.java:54)JakartaCommonsLoggingImpl.javaDEBUGClosing JDBC Connection [com.mysql.jdbc.JDBC4Connection@a67c67e]
2019-01-02 14:45:23org.apache.ibatis.logging.commons.JakartaCommonsLoggingImpl.debug(JakartaCommonsLoggingImpl.java:54)JakartaCommonsLoggingImpl.javaDEBUGReturned connection 174573182 to pool.
2019-01-02 14:46:13org.apache.ibatis.logging.commons.JakartaCommonsLoggingImpl.debug(JakartaCommonsLoggingImpl.java:54)JakartaCommonsLoggingImpl.javaDEBUGLogging initialized using 'class org.apache.ibatis.logging.commons.JakartaCommonsLoggingImpl' adapter.
2019-01-02 14:46:13org.apache.ibatis.logging.commons.JakartaCommonsLoggingImpl.debug(JakartaCommonsLoggingImpl.java:54)JakartaCommonsLoggingImpl.javaDEBUGPooledDataSource forcefully closed/removed all connections.
2019-01-02 14:46:13org.apache.ibatis.logging.commons.JakartaCommonsLoggingImpl.debug(JakartaCommonsLoggingImpl.java:54)JakartaCommonsLoggingImpl.javaDEBUGPooledDataSource forcefully closed/removed all connections.
2019-01-02 14:46:13org.apache.ibatis.logging.commons.JakartaCommonsLoggingImpl.debug(JakartaCommonsLoggingImpl.java:54)JakartaCommonsLoggingImpl.javaDEBUGPooledDataSource forcefully closed/removed all connections.
2019-01-02 14:46:13org.apache.ibatis.logging.commons.JakartaCommonsLoggingImpl.debug(JakartaCommonsLoggingImpl.java:54)JakartaCommonsLoggingImpl.javaDEBUGPooledDataSource forcefully closed/removed all connections.
2019-01-02 14:46:13org.apache.ibatis.logging.commons.JakartaCommonsLoggingImpl.debug(JakartaCommonsLoggingImpl.java:54)JakartaCommonsLoggingImpl.javaDEBUGOpening JDBC Connection
2019-01-02 14:46:14org.apache.ibatis.logging.commons.JakartaCommonsLoggingImpl.debug(JakartaCommonsLoggingImpl.java:54)JakartaCommonsLoggingImpl.javaDEBUGCreated connection 174573182.
2019-01-02 14:46:14org.apache.ibatis.logging.commons.JakartaCommonsLoggingImpl.debug(JakartaCommonsLoggingImpl.java:54)JakartaCommonsLoggingImpl.javaDEBUGSetting autocommit to false on JDBC Connection [com.mysql.jdbc.JDBC4Connection@a67c67e]
2019-01-02 14:46:14org.apache.ibatis.logging.commons.JakartaCommonsLoggingImpl.debug(JakartaCommonsLoggingImpl.java:54)JakartaCommonsLoggingImpl.javaDEBUG==>  Preparing: delete from user where id = ? 
2019-01-02 14:46:14org.apache.ibatis.logging.commons.JakartaCommonsLoggingImpl.debug(JakartaCommonsLoggingImpl.java:54)JakartaCommonsLoggingImpl.javaDEBUG==> Parameters: 7(Integer)
2019-01-02 14:46:14org.apache.ibatis.logging.commons.JakartaCommonsLoggingImpl.debug(JakartaCommonsLoggingImpl.java:54)JakartaCommonsLoggingImpl.javaDEBUG<==    Updates: 1
2019-01-02 14:46:14org.apache.ibatis.logging.commons.JakartaCommonsLoggingImpl.debug(JakartaCommonsLoggingImpl.java:54)JakartaCommonsLoggingImpl.javaDEBUGCommitting JDBC Connection [com.mysql.jdbc.JDBC4Connection@a67c67e]
2019-01-02 14:46:14org.apache.ibatis.logging.commons.JakartaCommonsLoggingImpl.debug(JakartaCommonsLoggingImpl.java:54)JakartaCommonsLoggingImpl.javaDEBUGResetting autocommit to true on JDBC Connection [com.mysql.jdbc.JDBC4Connection@a67c67e]
2019-01-02 14:46:14org.apache.ibatis.logging.commons.JakartaCommonsLoggingImpl.debug(JakartaCommonsLoggingImpl.java:54)JakartaCommonsLoggingImpl.javaDEBUGClosing JDBC Connection [com.mysql.jdbc.JDBC4Connection@a67c67e]
2019-01-02 14:46:14org.apache.ibatis.logging.commons.JakartaCommonsLoggingImpl.debug(JakartaCommonsLoggingImpl.java:54)JakartaCommonsLoggingImpl.javaDEBUGReturned connection 174573182 to pool.
2019-01-02 15:14:32org.apache.ibatis.logging.commons.JakartaCommonsLoggingImpl.debug(JakartaCommonsLoggingImpl.java:54)JakartaCommonsLoggingImpl.javaDEBUGLogging initialized using 'class org.apache.ibatis.logging.commons.JakartaCommonsLoggingImpl' adapter.
2019-01-02 15:14:32org.apache.ibatis.logging.commons.JakartaCommonsLoggingImpl.debug(JakartaCommonsLoggingImpl.java:54)JakartaCommonsLoggingImpl.javaDEBUGPooledDataSource forcefully closed/removed all connections.
2019-01-02 15:14:32org.apache.ibatis.logging.commons.JakartaCommonsLoggingImpl.debug(JakartaCommonsLoggingImpl.java:54)JakartaCommonsLoggingImpl.javaDEBUGPooledDataSource forcefully closed/removed all connections.
2019-01-02 15:14:32org.apache.ibatis.logging.commons.JakartaCommonsLoggingImpl.debug(JakartaCommonsLoggingImpl.java:54)JakartaCommonsLoggingImpl.javaDEBUGPooledDataSource forcefully closed/removed all connections.
2019-01-02 15:14:32org.apache.ibatis.logging.commons.JakartaCommonsLoggingImpl.debug(JakartaCommonsLoggingImpl.java:54)JakartaCommonsLoggingImpl.javaDEBUGPooledDataSource forcefully closed/removed all connections.
2019-01-02 15:14:32org.apache.ibatis.logging.commons.JakartaCommonsLoggingImpl.debug(JakartaCommonsLoggingImpl.java:54)JakartaCommonsLoggingImpl.javaDEBUGOpening JDBC Connection
2019-01-02 15:20:18org.apache.ibatis.logging.commons.JakartaCommonsLoggingImpl.debug(JakartaCommonsLoggingImpl.java:54)JakartaCommonsLoggingImpl.javaDEBUGLogging initialized using 'class org.apache.ibatis.logging.commons.JakartaCommonsLoggingImpl' adapter.
2019-01-02 15:20:18org.apache.ibatis.logging.commons.JakartaCommonsLoggingImpl.debug(JakartaCommonsLoggingImpl.java:54)JakartaCommonsLoggingImpl.javaDEBUGPooledDataSource forcefully closed/removed all connections.
2019-01-02 15:20:18org.apache.ibatis.logging.commons.JakartaCommonsLoggingImpl.debug(JakartaCommonsLoggingImpl.java:54)JakartaCommonsLoggingImpl.javaDEBUGPooledDataSource forcefully closed/removed all connections.
2019-01-02 15:20:18org.apache.ibatis.logging.commons.JakartaCommonsLoggingImpl.debug(JakartaCommonsLoggingImpl.java:54)JakartaCommonsLoggingImpl.javaDEBUGPooledDataSource forcefully closed/removed all connections.
2019-01-02 15:20:18org.apache.ibatis.logging.commons.JakartaCommonsLoggingImpl.debug(JakartaCommonsLoggingImpl.java:54)JakartaCommonsLoggingImpl.javaDEBUGPooledDataSource forcefully closed/removed all connections.
2019-01-02 15:20:18org.apache.ibatis.logging.commons.JakartaCommonsLoggingImpl.debug(JakartaCommonsLoggingImpl.java:54)JakartaCommonsLoggingImpl.javaDEBUGOpening JDBC Connection
2019-01-02 15:20:18org.apache.ibatis.logging.commons.JakartaCommonsLoggingImpl.debug(JakartaCommonsLoggingImpl.java:54)JakartaCommonsLoggingImpl.javaDEBUGCreated connection 660143728.
2019-01-02 15:20:18org.apache.ibatis.logging.commons.JakartaCommonsLoggingImpl.debug(JakartaCommonsLoggingImpl.java:54)JakartaCommonsLoggingImpl.javaDEBUGSetting autocommit to false on JDBC Connection [com.mysql.jdbc.JDBC4Connection@2758fe70]
2019-01-02 15:20:18org.apache.ibatis.logging.commons.JakartaCommonsLoggingImpl.debug(JakartaCommonsLoggingImpl.java:54)JakartaCommonsLoggingImpl.javaDEBUG==>  Preparing: select * from USER where username like '%小%' 
2019-01-02 15:20:18org.apache.ibatis.logging.commons.JakartaCommonsLoggingImpl.debug(JakartaCommonsLoggingImpl.java:54)JakartaCommonsLoggingImpl.javaDEBUG==> Parameters: 
2019-01-02 15:20:18org.apache.ibatis.logging.commons.JakartaCommonsLoggingImpl.debug(JakartaCommonsLoggingImpl.java:54)JakartaCommonsLoggingImpl.javaDEBUG<==      Total: 4
2019-01-02 15:20:18org.apache.ibatis.logging.commons.JakartaCommonsLoggingImpl.debug(JakartaCommonsLoggingImpl.java:54)JakartaCommonsLoggingImpl.javaDEBUGResetting autocommit to true on JDBC Connection [com.mysql.jdbc.JDBC4Connection@2758fe70]
2019-01-02 15:20:18org.apache.ibatis.logging.commons.JakartaCommonsLoggingImpl.debug(JakartaCommonsLoggingImpl.java:54)JakartaCommonsLoggingImpl.javaDEBUGClosing JDBC Connection [com.mysql.jdbc.JDBC4Connection@2758fe70]
2019-01-02 15:20:18org.apache.ibatis.logging.commons.JakartaCommonsLoggingImpl.debug(JakartaCommonsLoggingImpl.java:54)JakartaCommonsLoggingImpl.javaDEBUGReturned connection 660143728 to pool.
